{"C:\\Users\\Jhimy\\Documents\\Hybrid Journey React Native\\Challenges\\Comprass\\projeto-comprass_Squad_05_Winx\\App.tsx": {"path":"C:\\Users\\Jhimy\\Documents\\Hybrid Journey React Native\\Challenges\\Comprass\\projeto-comprass_Squad_05_Winx\\App.tsx","statementMap":{"0":{"start":{"line":11,"column":0},"end":{"line":11,"column":36}},"1":{"start":{"line":14,"column":24},"end":{"line":21,"column":4}},"2":{"start":{"line":23,"column":27},"end":{"line":27,"column":19}},"3":{"start":{"line":24,"column":4},"end":{"line":26,"column":5}},"4":{"start":{"line":25,"column":6},"end":{"line":25,"column":37}},"5":{"start":{"line":29,"column":2},"end":{"line":31,"column":3}},"6":{"start":{"line":30,"column":4},"end":{"line":30,"column":16}},"7":{"start":{"line":33,"column":2},"end":{"line":43,"column":4}},"8":{"start":{"line":46,"column":15},"end":{"line":50,"column":2}}},"fnMap":{"0":{"name":"App","decl":{"start":{"line":13,"column":24},"end":{"line":13,"column":27}},"loc":{"start":{"line":13,"column":30},"end":{"line":44,"column":1}},"line":13},"1":{"name":"(anonymous_1)","decl":{"start":{"line":23,"column":39},"end":{"line":23,"column":40}},"loc":{"start":{"line":23,"column":51},"end":{"line":27,"column":3}},"line":23}},"branchMap":{"0":{"loc":{"start":{"line":24,"column":4},"end":{"line":26,"column":5}},"type":"if","locations":[{"start":{"line":24,"column":4},"end":{"line":26,"column":5}},{"start":{},"end":{}}],"line":24},"1":{"loc":{"start":{"line":29,"column":2},"end":{"line":31,"column":3}},"type":"if","locations":[{"start":{"line":29,"column":2},"end":{"line":31,"column":3}},{"start":{},"end":{}}],"line":29}},"s":{"0":0,"1":0,"2":0,"3":0,"4":0,"5":0,"6":0,"7":0,"8":0},"f":{"0":0,"1":0},"b":{"0":[0,0],"1":[0,0]}}
,"C:\\Users\\Jhimy\\Documents\\Hybrid Journey React Native\\Challenges\\Comprass\\projeto-comprass_Squad_05_Winx\\src\\components\\AuthProfile\\AuthProfile.tsx": {"path":"C:\\Users\\Jhimy\\Documents\\Hybrid Journey React Native\\Challenges\\Comprass\\projeto-comprass_Squad_05_Winx\\src\\components\\AuthProfile\\AuthProfile.tsx","statementMap":{"0":{"start":{"line":21,"column":26},"end":{"line":21,"column":50}},"1":{"start":{"line":22,"column":44},"end":{"line":22,"column":59}},"2":{"start":{"line":23,"column":26},"end":{"line":23,"column":38}},"3":{"start":{"line":24,"column":28},"end":{"line":24,"column":40}},"4":{"start":{"line":25,"column":30},"end":{"line":25,"column":42}},"5":{"start":{"line":26,"column":52},"end":{"line":26,"column":67}},"6":{"start":{"line":27,"column":52},"end":{"line":27,"column":69}},"7":{"start":{"line":28,"column":50},"end":{"line":28,"column":67}},"8":{"start":{"line":29,"column":50},"end":{"line":29,"column":67}},"9":{"start":{"line":30,"column":17},"end":{"line":30,"column":41}},"10":{"start":{"line":32,"column":22},"end":{"line":35,"column":3}},"11":{"start":{"line":33,"column":4},"end":{"line":33,"column":43}},"12":{"start":{"line":34,"column":4},"end":{"line":34,"column":47}},"13":{"start":{"line":37,"column":29},"end":{"line":42,"column":3}},"14":{"start":{"line":38,"column":4},"end":{"line":38,"column":32}},"15":{"start":{"line":39,"column":4},"end":{"line":39,"column":34}},"16":{"start":{"line":40,"column":4},"end":{"line":40,"column":33}},"17":{"start":{"line":41,"column":4},"end":{"line":41,"column":33}},"18":{"start":{"line":44,"column":29},"end":{"line":49,"column":3}},"19":{"start":{"line":45,"column":4},"end":{"line":45,"column":34}},"20":{"start":{"line":46,"column":4},"end":{"line":46,"column":32}},"21":{"start":{"line":47,"column":4},"end":{"line":47,"column":33}},"22":{"start":{"line":48,"column":4},"end":{"line":48,"column":33}},"23":{"start":{"line":51,"column":22},"end":{"line":53,"column":3}},"24":{"start":{"line":52,"column":4},"end":{"line":52,"column":37}},"25":{"start":{"line":55,"column":21},"end":{"line":64,"column":3}},"26":{"start":{"line":56,"column":4},"end":{"line":63,"column":5}},"27":{"start":{"line":57,"column":19},"end":{"line":57,"column":42}},"28":{"start":{"line":58,"column":6},"end":{"line":58,"column":26}},"29":{"start":{"line":59,"column":6},"end":{"line":59,"column":28}},"30":{"start":{"line":60,"column":6},"end":{"line":60,"column":30}},"31":{"start":{"line":62,"column":6},"end":{"line":62,"column":31}},"32":{"start":{"line":66,"column":2},"end":{"line":68,"column":11}},"33":{"start":{"line":67,"column":4},"end":{"line":67,"column":23}},"34":{"start":{"line":70,"column":2},"end":{"line":151,"column":4}},"35":{"start":{"line":103,"column":18},"end":{"line":103,"column":39}},"36":{"start":{"line":118,"column":18},"end":{"line":118,"column":39}},"37":{"start":{"line":138,"column":14},"end":{"line":138,"column":28}},"38":{"start":{"line":139,"column":14},"end":{"line":139,"column":28}}},"fnMap":{"0":{"name":"AuthProfile","decl":{"start":{"line":20,"column":24},"end":{"line":20,"column":35}},"loc":{"start":{"line":20,"column":38},"end":{"line":152,"column":1}},"line":20},"1":{"name":"(anonymous_1)","decl":{"start":{"line":32,"column":22},"end":{"line":32,"column":23}},"loc":{"start":{"line":32,"column":34},"end":{"line":35,"column":3}},"line":32},"2":{"name":"(anonymous_2)","decl":{"start":{"line":37,"column":29},"end":{"line":37,"column":30}},"loc":{"start":{"line":37,"column":35},"end":{"line":42,"column":3}},"line":37},"3":{"name":"(anonymous_3)","decl":{"start":{"line":44,"column":29},"end":{"line":44,"column":30}},"loc":{"start":{"line":44,"column":35},"end":{"line":49,"column":3}},"line":44},"4":{"name":"(anonymous_4)","decl":{"start":{"line":51,"column":22},"end":{"line":51,"column":23}},"loc":{"start":{"line":51,"column":28},"end":{"line":53,"column":3}},"line":51},"5":{"name":"(anonymous_5)","decl":{"start":{"line":55,"column":21},"end":{"line":55,"column":22}},"loc":{"start":{"line":55,"column":40},"end":{"line":64,"column":3}},"line":55},"6":{"name":"(anonymous_6)","decl":{"start":{"line":66,"column":12},"end":{"line":66,"column":13}},"loc":{"start":{"line":66,"column":18},"end":{"line":68,"column":3}},"line":66},"7":{"name":"(anonymous_7)","decl":{"start":{"line":102,"column":25},"end":{"line":102,"column":26}},"loc":{"start":{"line":102,"column":31},"end":{"line":104,"column":17}},"line":102},"8":{"name":"(anonymous_8)","decl":{"start":{"line":117,"column":25},"end":{"line":117,"column":26}},"loc":{"start":{"line":117,"column":31},"end":{"line":119,"column":17}},"line":117},"9":{"name":"(anonymous_9)","decl":{"start":{"line":137,"column":21},"end":{"line":137,"column":22}},"loc":{"start":{"line":137,"column":27},"end":{"line":140,"column":13}},"line":137}},"branchMap":{},"s":{"0":1,"1":1,"2":1,"3":1,"4":1,"5":1,"6":1,"7":1,"8":1,"9":1,"10":1,"11":0,"12":0,"13":1,"14":0,"15":0,"16":0,"17":0,"18":1,"19":0,"20":0,"21":0,"22":0,"23":1,"24":0,"25":1,"26":1,"27":1,"28":0,"29":0,"30":0,"31":0,"32":1,"33":1,"34":1,"35":0,"36":0,"37":0,"38":0},"f":{"0":1,"1":0,"2":0,"3":0,"4":0,"5":1,"6":1,"7":0,"8":0,"9":0},"b":{},"_coverageSchema":"1a1c01bbd47fc00a2c39e90264f33305004495a9","hash":"12958ddd9389dac8ca4773dd610c215340c6ab67"}
,"C:\\Users\\Jhimy\\Documents\\Hybrid Journey React Native\\Challenges\\Comprass\\projeto-comprass_Squad_05_Winx\\src\\components\\AuthProfile\\style.ts": {"path":"C:\\Users\\Jhimy\\Documents\\Hybrid Journey React Native\\Challenges\\Comprass\\projeto-comprass_Squad_05_Winx\\src\\components\\AuthProfile\\style.ts","statementMap":{"0":{"start":{"line":4,"column":22},"end":{"line":79,"column":2}}},"fnMap":{},"branchMap":{},"s":{"0":1},"f":{},"b":{},"_coverageSchema":"1a1c01bbd47fc00a2c39e90264f33305004495a9","hash":"03541a6e212b447b0e7355459230acc4b741115f"}
,"C:\\Users\\Jhimy\\Documents\\Hybrid Journey React Native\\Challenges\\Comprass\\projeto-comprass_Squad_05_Winx\\src\\components\\Card\\Card.tsx": {"path":"C:\\Users\\Jhimy\\Documents\\Hybrid Journey React Native\\Challenges\\Comprass\\projeto-comprass_Squad_05_Winx\\src\\components\\Card\\Card.tsx","statementMap":{"0":{"start":{"line":16,"column":38},"end":{"line":16,"column":54}},"1":{"start":{"line":19,"column":4},"end":{"line":21,"column":5}},"2":{"start":{"line":20,"column":6},"end":{"line":20,"column":13}},"3":{"start":{"line":22,"column":4},"end":{"line":22,"column":36}},"4":{"start":{"line":22,"column":27},"end":{"line":22,"column":34}},"5":{"start":{"line":26,"column":4},"end":{"line":26,"column":36}},"6":{"start":{"line":26,"column":27},"end":{"line":26,"column":34}},"7":{"start":{"line":28,"column":2},"end":{"line":61,"column":4}}},"fnMap":{"0":{"name":"Card","decl":{"start":{"line":15,"column":24},"end":{"line":15,"column":28}},"loc":{"start":{"line":15,"column":73},"end":{"line":62,"column":1}},"line":15},"1":{"name":"onPressMinus","decl":{"start":{"line":18,"column":11},"end":{"line":18,"column":23}},"loc":{"start":{"line":18,"column":26},"end":{"line":23,"column":3}},"line":18},"2":{"name":"(anonymous_2)","decl":{"start":{"line":22,"column":18},"end":{"line":22,"column":19}},"loc":{"start":{"line":22,"column":27},"end":{"line":22,"column":34}},"line":22},"3":{"name":"onPressPlus","decl":{"start":{"line":25,"column":11},"end":{"line":25,"column":22}},"loc":{"start":{"line":25,"column":25},"end":{"line":27,"column":3}},"line":25},"4":{"name":"(anonymous_4)","decl":{"start":{"line":26,"column":18},"end":{"line":26,"column":19}},"loc":{"start":{"line":26,"column":27},"end":{"line":26,"column":34}},"line":26}},"branchMap":{"0":{"loc":{"start":{"line":19,"column":4},"end":{"line":21,"column":5}},"type":"if","locations":[{"start":{"line":19,"column":4},"end":{"line":21,"column":5}},{"start":{},"end":{}}],"line":19}},"s":{"0":4,"1":1,"2":0,"3":1,"4":1,"5":1,"6":1,"7":4},"f":{"0":4,"1":1,"2":1,"3":1,"4":1},"b":{"0":[0,1]},"_coverageSchema":"1a1c01bbd47fc00a2c39e90264f33305004495a9","hash":"653f5643eece6e65958227985df64e8089c56a41"}
,"C:\\Users\\Jhimy\\Documents\\Hybrid Journey React Native\\Challenges\\Comprass\\projeto-comprass_Squad_05_Winx\\src\\components\\Card\\style.ts": {"path":"C:\\Users\\Jhimy\\Documents\\Hybrid Journey React Native\\Challenges\\Comprass\\projeto-comprass_Squad_05_Winx\\src\\components\\Card\\style.ts","statementMap":{"0":{"start":{"line":4,"column":18},"end":{"line":4,"column":42}},"1":{"start":{"line":5,"column":22},"end":{"line":76,"column":2}}},"fnMap":{},"branchMap":{},"s":{"0":1,"1":1},"f":{},"b":{},"_coverageSchema":"1a1c01bbd47fc00a2c39e90264f33305004495a9","hash":"ce3977df85c5273b582a66eaee306c430a10fa3e"}
,"C:\\Users\\Jhimy\\Documents\\Hybrid Journey React Native\\Challenges\\Comprass\\projeto-comprass_Squad_05_Winx\\src\\components\\EndBankSlipPayment\\EndBankSlipPayment.tsx": {"path":"C:\\Users\\Jhimy\\Documents\\Hybrid Journey React Native\\Challenges\\Comprass\\projeto-comprass_Squad_05_Winx\\src\\components\\EndBankSlipPayment\\EndBankSlipPayment.tsx","statementMap":{"0":{"start":{"line":13,"column":2},"end":{"line":22,"column":4}}},"fnMap":{"0":{"name":"EndBankSlipPayment","decl":{"start":{"line":12,"column":24},"end":{"line":12,"column":42}},"loc":{"start":{"line":12,"column":61},"end":{"line":23,"column":1}},"line":12}},"branchMap":{},"s":{"0":1},"f":{"0":1},"b":{},"_coverageSchema":"1a1c01bbd47fc00a2c39e90264f33305004495a9","hash":"58826cf1d2d8d581a56848f56ab3b28bc87e7315"}
,"C:\\Users\\Jhimy\\Documents\\Hybrid Journey React Native\\Challenges\\Comprass\\projeto-comprass_Squad_05_Winx\\src\\components\\EndBankSlipPayment\\style.ts": {"path":"C:\\Users\\Jhimy\\Documents\\Hybrid Journey React Native\\Challenges\\Comprass\\projeto-comprass_Squad_05_Winx\\src\\components\\EndBankSlipPayment\\style.ts","statementMap":{"0":{"start":{"line":4,"column":22},"end":{"line":20,"column":2}}},"fnMap":{},"branchMap":{},"s":{"0":1},"f":{},"b":{},"_coverageSchema":"1a1c01bbd47fc00a2c39e90264f33305004495a9","hash":"f4d6491a000e1bd4d3704c8575999221e057ade2"}
,"C:\\Users\\Jhimy\\Documents\\Hybrid Journey React Native\\Challenges\\Comprass\\projeto-comprass_Squad_05_Winx\\src\\components\\EndCardPayment\\EndCardPayment.tsx": {"path":"C:\\Users\\Jhimy\\Documents\\Hybrid Journey React Native\\Challenges\\Comprass\\projeto-comprass_Squad_05_Winx\\src\\components\\EndCardPayment\\EndCardPayment.tsx","statementMap":{"0":{"start":{"line":10,"column":2},"end":{"line":18,"column":4}}},"fnMap":{"0":{"name":"EndCardPayment","decl":{"start":{"line":9,"column":24},"end":{"line":9,"column":38}},"loc":{"start":{"line":9,"column":57},"end":{"line":19,"column":1}},"line":9}},"branchMap":{},"s":{"0":1},"f":{"0":1},"b":{},"_coverageSchema":"1a1c01bbd47fc00a2c39e90264f33305004495a9","hash":"dac0574aa854dbe90e38e1bd4fc7aaf28da231c5"}
,"C:\\Users\\Jhimy\\Documents\\Hybrid Journey React Native\\Challenges\\Comprass\\projeto-comprass_Squad_05_Winx\\src\\components\\EndCardPayment\\style.ts": {"path":"C:\\Users\\Jhimy\\Documents\\Hybrid Journey React Native\\Challenges\\Comprass\\projeto-comprass_Squad_05_Winx\\src\\components\\EndCardPayment\\style.ts","statementMap":{"0":{"start":{"line":4,"column":22},"end":{"line":20,"column":2}}},"fnMap":{},"branchMap":{},"s":{"0":1},"f":{},"b":{},"_coverageSchema":"1a1c01bbd47fc00a2c39e90264f33305004495a9","hash":"57e88e90f5e8d41c4ff5f28e03a9f9257b6ca0f6"}
,"C:\\Users\\Jhimy\\Documents\\Hybrid Journey React Native\\Challenges\\Comprass\\projeto-comprass_Squad_05_Winx\\src\\components\\EndPixPayment\\EndPixPayment.tsx": {"path":"C:\\Users\\Jhimy\\Documents\\Hybrid Journey React Native\\Challenges\\Comprass\\projeto-comprass_Squad_05_Winx\\src\\components\\EndPixPayment\\EndPixPayment.tsx","statementMap":{"0":{"start":{"line":11,"column":2},"end":{"line":20,"column":4}}},"fnMap":{"0":{"name":"EndPixPayment","decl":{"start":{"line":10,"column":24},"end":{"line":10,"column":37}},"loc":{"start":{"line":10,"column":56},"end":{"line":21,"column":1}},"line":10}},"branchMap":{},"s":{"0":1},"f":{"0":1},"b":{},"_coverageSchema":"1a1c01bbd47fc00a2c39e90264f33305004495a9","hash":"076155665972d317000f51cb0036de0d4fc06ed7"}
,"C:\\Users\\Jhimy\\Documents\\Hybrid Journey React Native\\Challenges\\Comprass\\projeto-comprass_Squad_05_Winx\\src\\components\\EndPixPayment\\style.ts": {"path":"C:\\Users\\Jhimy\\Documents\\Hybrid Journey React Native\\Challenges\\Comprass\\projeto-comprass_Squad_05_Winx\\src\\components\\EndPixPayment\\style.ts","statementMap":{"0":{"start":{"line":4,"column":22},"end":{"line":20,"column":2}}},"fnMap":{},"branchMap":{},"s":{"0":1},"f":{},"b":{},"_coverageSchema":"1a1c01bbd47fc00a2c39e90264f33305004495a9","hash":"433917a1c2dfdb7ab44739b91ecf130ae4e8ed79"}
,"C:\\Users\\Jhimy\\Documents\\Hybrid Journey React Native\\Challenges\\Comprass\\projeto-comprass_Squad_05_Winx\\src\\components\\UnauthProfile\\UnauthProfile.tsx": {"path":"C:\\Users\\Jhimy\\Documents\\Hybrid Journey React Native\\Challenges\\Comprass\\projeto-comprass_Squad_05_Winx\\src\\components\\UnauthProfile\\UnauthProfile.tsx","statementMap":{"0":{"start":{"line":11,"column":52},"end":{"line":11,"column":67}},"1":{"start":{"line":12,"column":52},"end":{"line":12,"column":69}},"2":{"start":{"line":13,"column":50},"end":{"line":13,"column":67}},"3":{"start":{"line":14,"column":50},"end":{"line":14,"column":67}},"4":{"start":{"line":15,"column":44},"end":{"line":15,"column":59}},"5":{"start":{"line":17,"column":29},"end":{"line":22,"column":3}},"6":{"start":{"line":18,"column":4},"end":{"line":18,"column":32}},"7":{"start":{"line":19,"column":4},"end":{"line":19,"column":34}},"8":{"start":{"line":20,"column":4},"end":{"line":20,"column":33}},"9":{"start":{"line":21,"column":4},"end":{"line":21,"column":33}},"10":{"start":{"line":24,"column":29},"end":{"line":29,"column":3}},"11":{"start":{"line":25,"column":4},"end":{"line":25,"column":34}},"12":{"start":{"line":26,"column":4},"end":{"line":26,"column":32}},"13":{"start":{"line":27,"column":4},"end":{"line":27,"column":33}},"14":{"start":{"line":28,"column":4},"end":{"line":28,"column":33}},"15":{"start":{"line":31,"column":22},"end":{"line":33,"column":3}},"16":{"start":{"line":32,"column":4},"end":{"line":32,"column":37}},"17":{"start":{"line":35,"column":2},"end":{"line":100,"column":4}},"18":{"start":{"line":67,"column":18},"end":{"line":67,"column":39}},"19":{"start":{"line":82,"column":18},"end":{"line":82,"column":39}}},"fnMap":{"0":{"name":"UnAuthProfile","decl":{"start":{"line":10,"column":24},"end":{"line":10,"column":37}},"loc":{"start":{"line":10,"column":50},"end":{"line":101,"column":1}},"line":10},"1":{"name":"(anonymous_1)","decl":{"start":{"line":17,"column":29},"end":{"line":17,"column":30}},"loc":{"start":{"line":17,"column":35},"end":{"line":22,"column":3}},"line":17},"2":{"name":"(anonymous_2)","decl":{"start":{"line":24,"column":29},"end":{"line":24,"column":30}},"loc":{"start":{"line":24,"column":35},"end":{"line":29,"column":3}},"line":24},"3":{"name":"(anonymous_3)","decl":{"start":{"line":31,"column":22},"end":{"line":31,"column":23}},"loc":{"start":{"line":31,"column":28},"end":{"line":33,"column":3}},"line":31},"4":{"name":"(anonymous_4)","decl":{"start":{"line":66,"column":25},"end":{"line":66,"column":26}},"loc":{"start":{"line":66,"column":31},"end":{"line":68,"column":17}},"line":66},"5":{"name":"(anonymous_5)","decl":{"start":{"line":81,"column":25},"end":{"line":81,"column":26}},"loc":{"start":{"line":81,"column":31},"end":{"line":83,"column":17}},"line":81}},"branchMap":{},"s":{"0":1,"1":1,"2":1,"3":1,"4":1,"5":1,"6":0,"7":0,"8":0,"9":0,"10":1,"11":0,"12":0,"13":0,"14":0,"15":1,"16":0,"17":1,"18":0,"19":0},"f":{"0":1,"1":0,"2":0,"3":0,"4":0,"5":0},"b":{},"_coverageSchema":"1a1c01bbd47fc00a2c39e90264f33305004495a9","hash":"81379bad3041a8392a25b1de3a1e5e9f861a1340"}
,"C:\\Users\\Jhimy\\Documents\\Hybrid Journey React Native\\Challenges\\Comprass\\projeto-comprass_Squad_05_Winx\\src\\components\\UnauthProfile\\style.ts": {"path":"C:\\Users\\Jhimy\\Documents\\Hybrid Journey React Native\\Challenges\\Comprass\\projeto-comprass_Squad_05_Winx\\src\\components\\UnauthProfile\\style.ts","statementMap":{"0":{"start":{"line":4,"column":22},"end":{"line":70,"column":2}}},"fnMap":{},"branchMap":{},"s":{"0":1},"f":{},"b":{},"_coverageSchema":"1a1c01bbd47fc00a2c39e90264f33305004495a9","hash":"aabe6d062e6e0e5ee747c00ed7505f4e3aeb2292"}
,"C:\\Users\\Jhimy\\Documents\\Hybrid Journey React Native\\Challenges\\Comprass\\projeto-comprass_Squad_05_Winx\\src\\components\\home-screen\\HomeHeader\\HomeHeader.tsx": {"path":"C:\\Users\\Jhimy\\Documents\\Hybrid Journey React Native\\Challenges\\Comprass\\projeto-comprass_Squad_05_Winx\\src\\components\\home-screen\\HomeHeader\\HomeHeader.tsx","statementMap":{"0":{"start":{"line":8,"column":2},"end":{"line":23,"column":4}}},"fnMap":{"0":{"name":"HomeHeader","decl":{"start":{"line":7,"column":24},"end":{"line":7,"column":34}},"loc":{"start":{"line":7,"column":37},"end":{"line":24,"column":1}},"line":7}},"branchMap":{},"s":{"0":0},"f":{"0":0},"b":{}}
,"C:\\Users\\Jhimy\\Documents\\Hybrid Journey React Native\\Challenges\\Comprass\\projeto-comprass_Squad_05_Winx\\src\\components\\home-screen\\HomeHeader\\style.ts": {"path":"C:\\Users\\Jhimy\\Documents\\Hybrid Journey React Native\\Challenges\\Comprass\\projeto-comprass_Squad_05_Winx\\src\\components\\home-screen\\HomeHeader\\style.ts","statementMap":{"0":{"start":{"line":4,"column":22},"end":{"line":27,"column":2}}},"fnMap":{},"branchMap":{},"s":{"0":0},"f":{},"b":{}}
,"C:\\Users\\Jhimy\\Documents\\Hybrid Journey React Native\\Challenges\\Comprass\\projeto-comprass_Squad_05_Winx\\src\\components\\home-screen\\HomeProfileHeader\\HomeProfileHeader.tsx": {"path":"C:\\Users\\Jhimy\\Documents\\Hybrid Journey React Native\\Challenges\\Comprass\\projeto-comprass_Squad_05_Winx\\src\\components\\home-screen\\HomeProfileHeader\\HomeProfileHeader.tsx","statementMap":{"0":{"start":{"line":11,"column":2},"end":{"line":20,"column":4}}},"fnMap":{"0":{"name":"HomeProfileHeader","decl":{"start":{"line":10,"column":24},"end":{"line":10,"column":41}},"loc":{"start":{"line":10,"column":73},"end":{"line":21,"column":1}},"line":10}},"branchMap":{},"s":{"0":0},"f":{"0":0},"b":{}}
,"C:\\Users\\Jhimy\\Documents\\Hybrid Journey React Native\\Challenges\\Comprass\\projeto-comprass_Squad_05_Winx\\src\\components\\home-screen\\HomeProfileHeader\\style.ts": {"path":"C:\\Users\\Jhimy\\Documents\\Hybrid Journey React Native\\Challenges\\Comprass\\projeto-comprass_Squad_05_Winx\\src\\components\\home-screen\\HomeProfileHeader\\style.ts","statementMap":{"0":{"start":{"line":4,"column":22},"end":{"line":33,"column":2}}},"fnMap":{},"branchMap":{},"s":{"0":0},"f":{},"b":{}}
,"C:\\Users\\Jhimy\\Documents\\Hybrid Journey React Native\\Challenges\\Comprass\\projeto-comprass_Squad_05_Winx\\src\\components\\home-screen\\HomeSection\\HomeSection.tsx": {"path":"C:\\Users\\Jhimy\\Documents\\Hybrid Journey React Native\\Challenges\\Comprass\\projeto-comprass_Squad_05_Winx\\src\\components\\home-screen\\HomeSection\\HomeSection.tsx","statementMap":{"0":{"start":{"line":25,"column":42},"end":{"line":25,"column":65}},"1":{"start":{"line":27,"column":4},"end":{"line":27,"column":28}},"2":{"start":{"line":28,"column":26},"end":{"line":28,"column":50}},"3":{"start":{"line":31,"column":4},"end":{"line":38,"column":5}},"4":{"start":{"line":32,"column":23},"end":{"line":32,"column":77}},"5":{"start":{"line":33,"column":6},"end":{"line":33,"column":24}},"6":{"start":{"line":34,"column":6},"end":{"line":34,"column":37}},"7":{"start":{"line":35,"column":6},"end":{"line":35,"column":29}},"8":{"start":{"line":37,"column":6},"end":{"line":37,"column":36}},"9":{"start":{"line":41,"column":2},"end":{"line":44,"column":9}},"10":{"start":{"line":42,"column":4},"end":{"line":42,"column":26}},"11":{"start":{"line":43,"column":4},"end":{"line":43,"column":52}},"12":{"start":{"line":46,"column":2},"end":{"line":80,"column":4}},"13":{"start":{"line":59,"column":34},"end":{"line":59,"column":52}},"14":{"start":{"line":61,"column":12},"end":{"line":68,"column":14}}},"fnMap":{"0":{"name":"HomeSection","decl":{"start":{"line":24,"column":9},"end":{"line":24,"column":20}},"loc":{"start":{"line":24,"column":46},"end":{"line":81,"column":1}},"line":24},"1":{"name":"getProductsFilteredByCategory","decl":{"start":{"line":30,"column":17},"end":{"line":30,"column":46}},"loc":{"start":{"line":30,"column":67},"end":{"line":39,"column":3}},"line":30},"2":{"name":"(anonymous_2)","decl":{"start":{"line":41,"column":12},"end":{"line":41,"column":13}},"loc":{"start":{"line":41,"column":18},"end":{"line":44,"column":3}},"line":41},"3":{"name":"(anonymous_3)","decl":{"start":{"line":59,"column":24},"end":{"line":59,"column":25}},"loc":{"start":{"line":59,"column":34},"end":{"line":59,"column":52}},"line":59},"4":{"name":"(anonymous_4)","decl":{"start":{"line":60,"column":22},"end":{"line":60,"column":23}},"loc":{"start":{"line":61,"column":12},"end":{"line":68,"column":14}},"line":61}},"branchMap":{"0":{"loc":{"start":{"line":52,"column":7},"end":{"line":52,"column":67}},"type":"binary-expr","locations":[{"start":{"line":52,"column":7},"end":{"line":52,"column":19}},{"start":{"line":52,"column":23},"end":{"line":52,"column":67}}],"line":52},"1":{"loc":{"start":{"line":53,"column":7},"end":{"line":71,"column":7}},"type":"binary-expr","locations":[{"start":{"line":53,"column":7},"end":{"line":53,"column":20}},{"start":{"line":53,"column":24},"end":{"line":53,"column":45}},{"start":{"line":54,"column":8},"end":{"line":70,"column":10}}],"line":53},"2":{"loc":{"start":{"line":72,"column":7},"end":{"line":78,"column":7}},"type":"binary-expr","locations":[{"start":{"line":72,"column":7},"end":{"line":72,"column":20}},{"start":{"line":72,"column":24},"end":{"line":72,"column":44}},{"start":{"line":73,"column":8},"end":{"line":77,"column":15}}],"line":72}},"s":{"0":0,"1":0,"2":0,"3":0,"4":0,"5":0,"6":0,"7":0,"8":0,"9":0,"10":0,"11":0,"12":0,"13":0,"14":0},"f":{"0":0,"1":0,"2":0,"3":0,"4":0},"b":{"0":[0,0],"1":[0,0,0],"2":[0,0,0]}}
,"C:\\Users\\Jhimy\\Documents\\Hybrid Journey React Native\\Challenges\\Comprass\\projeto-comprass_Squad_05_Winx\\src\\components\\home-screen\\HomeSection\\style.ts": {"path":"C:\\Users\\Jhimy\\Documents\\Hybrid Journey React Native\\Challenges\\Comprass\\projeto-comprass_Squad_05_Winx\\src\\components\\home-screen\\HomeSection\\style.ts","statementMap":{"0":{"start":{"line":4,"column":22},"end":{"line":22,"column":2}}},"fnMap":{},"branchMap":{},"s":{"0":0},"f":{},"b":{}}
,"C:\\Users\\Jhimy\\Documents\\Hybrid Journey React Native\\Challenges\\Comprass\\projeto-comprass_Squad_05_Winx\\src\\components\\home-screen\\ProductCard\\ProductCard.tsx": {"path":"C:\\Users\\Jhimy\\Documents\\Hybrid Journey React Native\\Challenges\\Comprass\\projeto-comprass_Squad_05_Winx\\src\\components\\home-screen\\ProductCard\\ProductCard.tsx","statementMap":{"0":{"start":{"line":19,"column":30},"end":{"line":19,"column":49}},"1":{"start":{"line":20,"column":22},"end":{"line":20,"column":45}},"2":{"start":{"line":23,"column":4},"end":{"line":29,"column":5}},"3":{"start":{"line":24,"column":6},"end":{"line":24,"column":13}},"4":{"start":{"line":25,"column":11},"end":{"line":29,"column":5}},"5":{"start":{"line":26,"column":6},"end":{"line":26,"column":46}},"6":{"start":{"line":28,"column":6},"end":{"line":28,"column":61}},"7":{"start":{"line":30,"column":4},"end":{"line":30,"column":32}},"8":{"start":{"line":30,"column":23},"end":{"line":30,"column":30}},"9":{"start":{"line":34,"column":4},"end":{"line":42,"column":5}},"10":{"start":{"line":35,"column":6},"end":{"line":39,"column":9}},"11":{"start":{"line":41,"column":6},"end":{"line":41,"column":56}},"12":{"start":{"line":43,"column":4},"end":{"line":43,"column":32}},"13":{"start":{"line":43,"column":23},"end":{"line":43,"column":30}},"14":{"start":{"line":47,"column":4},"end":{"line":47,"column":58}},"15":{"start":{"line":50,"column":2},"end":{"line":52,"column":26}},"16":{"start":{"line":51,"column":4},"end":{"line":51,"column":58}},"17":{"start":{"line":54,"column":2},"end":{"line":83,"column":4}},"18":{"start":{"line":69,"column":23},"end":{"line":69,"column":57}}},"fnMap":{"0":{"name":"ProductCard","decl":{"start":{"line":18,"column":9},"end":{"line":18,"column":20}},"loc":{"start":{"line":18,"column":46},"end":{"line":84,"column":1}},"line":18},"1":{"name":"onMinusPress","decl":{"start":{"line":22,"column":11},"end":{"line":22,"column":23}},"loc":{"start":{"line":22,"column":26},"end":{"line":31,"column":3}},"line":22},"2":{"name":"(anonymous_2)","decl":{"start":{"line":30,"column":14},"end":{"line":30,"column":15}},"loc":{"start":{"line":30,"column":23},"end":{"line":30,"column":30}},"line":30},"3":{"name":"onPlusPress","decl":{"start":{"line":33,"column":11},"end":{"line":33,"column":22}},"loc":{"start":{"line":33,"column":25},"end":{"line":44,"column":3}},"line":33},"4":{"name":"(anonymous_4)","decl":{"start":{"line":43,"column":14},"end":{"line":43,"column":15}},"loc":{"start":{"line":43,"column":23},"end":{"line":43,"column":30}},"line":43},"5":{"name":"numberToTwoDecimalPlacesString","decl":{"start":{"line":46,"column":11},"end":{"line":46,"column":41}},"loc":{"start":{"line":46,"column":58},"end":{"line":48,"column":3}},"line":46},"6":{"name":"(anonymous_6)","decl":{"start":{"line":50,"column":12},"end":{"line":50,"column":13}},"loc":{"start":{"line":50,"column":18},"end":{"line":52,"column":3}},"line":50},"7":{"name":"(anonymous_7)","decl":{"start":{"line":69,"column":17},"end":{"line":69,"column":18}},"loc":{"start":{"line":69,"column":23},"end":{"line":69,"column":57}},"line":69}},"branchMap":{"0":{"loc":{"start":{"line":23,"column":4},"end":{"line":29,"column":5}},"type":"if","locations":[{"start":{"line":23,"column":4},"end":{"line":29,"column":5}},{"start":{"line":25,"column":11},"end":{"line":29,"column":5}}],"line":23},"1":{"loc":{"start":{"line":25,"column":11},"end":{"line":29,"column":5}},"type":"if","locations":[{"start":{"line":25,"column":11},"end":{"line":29,"column":5}},{"start":{"line":27,"column":11},"end":{"line":29,"column":5}}],"line":25},"2":{"loc":{"start":{"line":34,"column":4},"end":{"line":42,"column":5}},"type":"if","locations":[{"start":{"line":34,"column":4},"end":{"line":42,"column":5}},{"start":{"line":40,"column":11},"end":{"line":42,"column":5}}],"line":34}},"s":{"0":0,"1":0,"2":0,"3":0,"4":0,"5":0,"6":0,"7":0,"8":0,"9":0,"10":0,"11":0,"12":0,"13":0,"14":0,"15":0,"16":0,"17":0,"18":0},"f":{"0":0,"1":0,"2":0,"3":0,"4":0,"5":0,"6":0,"7":0},"b":{"0":[0,0],"1":[0,0],"2":[0,0]}}
,"C:\\Users\\Jhimy\\Documents\\Hybrid Journey React Native\\Challenges\\Comprass\\projeto-comprass_Squad_05_Winx\\src\\components\\home-screen\\ProductCard\\style.ts": {"path":"C:\\Users\\Jhimy\\Documents\\Hybrid Journey React Native\\Challenges\\Comprass\\projeto-comprass_Squad_05_Winx\\src\\components\\home-screen\\ProductCard\\style.ts","statementMap":{"0":{"start":{"line":4,"column":22},"end":{"line":68,"column":2}}},"fnMap":{},"branchMap":{},"s":{"0":0},"f":{},"b":{}}
,"C:\\Users\\Jhimy\\Documents\\Hybrid Journey React Native\\Challenges\\Comprass\\projeto-comprass_Squad_05_Winx\\src\\components\\home-screen\\SearchButton\\SearchButton.tsx": {"path":"C:\\Users\\Jhimy\\Documents\\Hybrid Journey React Native\\Challenges\\Comprass\\projeto-comprass_Squad_05_Winx\\src\\components\\home-screen\\SearchButton\\SearchButton.tsx","statementMap":{"0":{"start":{"line":30,"column":36},"end":{"line":30,"column":60}},"1":{"start":{"line":31,"column":26},"end":{"line":31,"column":46}},"2":{"start":{"line":32,"column":48},"end":{"line":32,"column":72}},"3":{"start":{"line":33,"column":26},"end":{"line":33,"column":50}},"4":{"start":{"line":34,"column":38},"end":{"line":34,"column":62}},"5":{"start":{"line":37,"column":4},"end":{"line":45,"column":5}},"6":{"start":{"line":38,"column":23},"end":{"line":38,"column":63}},"7":{"start":{"line":39,"column":6},"end":{"line":39,"column":24}},"8":{"start":{"line":40,"column":6},"end":{"line":40,"column":27}},"9":{"start":{"line":42,"column":6},"end":{"line":42,"column":20}},"10":{"start":{"line":44,"column":6},"end":{"line":44,"column":27}},"11":{"start":{"line":48,"column":2},"end":{"line":56,"column":13}},"12":{"start":{"line":49,"column":4},"end":{"line":55,"column":5}},"13":{"start":{"line":50,"column":6},"end":{"line":50,"column":26}},"14":{"start":{"line":51,"column":6},"end":{"line":51,"column":31}},"15":{"start":{"line":53,"column":6},"end":{"line":53,"column":32}},"16":{"start":{"line":54,"column":6},"end":{"line":54,"column":18}},"17":{"start":{"line":58,"column":2},"end":{"line":62,"column":13}},"18":{"start":{"line":59,"column":4},"end":{"line":61,"column":5}},"19":{"start":{"line":60,"column":6},"end":{"line":60,"column":27}},"20":{"start":{"line":65,"column":4},"end":{"line":65,"column":32}},"21":{"start":{"line":65,"column":26},"end":{"line":65,"column":30}},"22":{"start":{"line":66,"column":4},"end":{"line":66,"column":16}},"23":{"start":{"line":69,"column":2},"end":{"line":114,"column":4}},"24":{"start":{"line":92,"column":36},"end":{"line":92,"column":54}},"25":{"start":{"line":94,"column":14},"end":{"line":103,"column":16}}},"fnMap":{"0":{"name":"SearchButton","decl":{"start":{"line":29,"column":24},"end":{"line":29,"column":36}},"loc":{"start":{"line":29,"column":63},"end":{"line":115,"column":1}},"line":29},"1":{"name":"getProductsByTitle","decl":{"start":{"line":36,"column":17},"end":{"line":36,"column":35}},"loc":{"start":{"line":36,"column":38},"end":{"line":46,"column":3}},"line":36},"2":{"name":"(anonymous_2)","decl":{"start":{"line":48,"column":12},"end":{"line":48,"column":13}},"loc":{"start":{"line":48,"column":18},"end":{"line":56,"column":3}},"line":48},"3":{"name":"(anonymous_3)","decl":{"start":{"line":58,"column":12},"end":{"line":58,"column":13}},"loc":{"start":{"line":58,"column":18},"end":{"line":62,"column":3}},"line":58},"4":{"name":"handlePress","decl":{"start":{"line":64,"column":11},"end":{"line":64,"column":22}},"loc":{"start":{"line":64,"column":25},"end":{"line":67,"column":3}},"line":64},"5":{"name":"(anonymous_5)","decl":{"start":{"line":65,"column":17},"end":{"line":65,"column":18}},"loc":{"start":{"line":65,"column":26},"end":{"line":65,"column":30}},"line":65},"6":{"name":"(anonymous_6)","decl":{"start":{"line":92,"column":26},"end":{"line":92,"column":27}},"loc":{"start":{"line":92,"column":36},"end":{"line":92,"column":54}},"line":92},"7":{"name":"(anonymous_7)","decl":{"start":{"line":93,"column":24},"end":{"line":93,"column":25}},"loc":{"start":{"line":94,"column":14},"end":{"line":103,"column":16}},"line":94}},"branchMap":{"0":{"loc":{"start":{"line":49,"column":4},"end":{"line":55,"column":5}},"type":"if","locations":[{"start":{"line":49,"column":4},"end":{"line":55,"column":5}},{"start":{"line":52,"column":11},"end":{"line":55,"column":5}}],"line":49},"1":{"loc":{"start":{"line":59,"column":4},"end":{"line":61,"column":5}},"type":"if","locations":[{"start":{"line":59,"column":4},"end":{"line":61,"column":5}},{"start":{},"end":{}}],"line":59},"2":{"loc":{"start":{"line":72,"column":7},"end":{"line":82,"column":7}},"type":"binary-expr","locations":[{"start":{"line":72,"column":7},"end":{"line":72,"column":16}},{"start":{"line":73,"column":8},"end":{"line":81,"column":15}}],"line":72},"3":{"loc":{"start":{"line":83,"column":7},"end":{"line":87,"column":7}},"type":"binary-expr","locations":[{"start":{"line":83,"column":7},"end":{"line":83,"column":22}},{"start":{"line":83,"column":26},"end":{"line":83,"column":41}},{"start":{"line":83,"column":45},"end":{"line":83,"column":55}},{"start":{"line":84,"column":8},"end":{"line":86,"column":15}}],"line":83},"4":{"loc":{"start":{"line":88,"column":7},"end":{"line":107,"column":7}},"type":"binary-expr","locations":[{"start":{"line":88,"column":7},"end":{"line":88,"column":22}},{"start":{"line":88,"column":26},"end":{"line":88,"column":41}},{"start":{"line":88,"column":45},"end":{"line":88,"column":56}},{"start":{"line":89,"column":8},"end":{"line":106,"column":15}}],"line":88},"5":{"loc":{"start":{"line":108,"column":7},"end":{"line":112,"column":7}},"type":"binary-expr","locations":[{"start":{"line":108,"column":7},"end":{"line":108,"column":22}},{"start":{"line":108,"column":26},"end":{"line":108,"column":43}},{"start":{"line":108,"column":47},"end":{"line":108,"column":58}},{"start":{"line":109,"column":8},"end":{"line":111,"column":15}}],"line":108}},"s":{"0":0,"1":0,"2":0,"3":0,"4":0,"5":0,"6":0,"7":0,"8":0,"9":0,"10":0,"11":0,"12":0,"13":0,"14":0,"15":0,"16":0,"17":0,"18":0,"19":0,"20":0,"21":0,"22":0,"23":0,"24":0,"25":0},"f":{"0":0,"1":0,"2":0,"3":0,"4":0,"5":0,"6":0,"7":0},"b":{"0":[0,0],"1":[0,0],"2":[0,0],"3":[0,0,0,0],"4":[0,0,0,0],"5":[0,0,0,0]}}
,"C:\\Users\\Jhimy\\Documents\\Hybrid Journey React Native\\Challenges\\Comprass\\projeto-comprass_Squad_05_Winx\\src\\components\\home-screen\\SearchButton\\style.ts": {"path":"C:\\Users\\Jhimy\\Documents\\Hybrid Journey React Native\\Challenges\\Comprass\\projeto-comprass_Squad_05_Winx\\src\\components\\home-screen\\SearchButton\\style.ts","statementMap":{"0":{"start":{"line":5,"column":18},"end":{"line":5,"column":42}},"1":{"start":{"line":7,"column":22},"end":{"line":59,"column":2}}},"fnMap":{},"branchMap":{},"s":{"0":0,"1":0},"f":{},"b":{}}
,"C:\\Users\\Jhimy\\Documents\\Hybrid Journey React Native\\Challenges\\Comprass\\projeto-comprass_Squad_05_Winx\\src\\components\\home-screen\\SearchButtonProductCard\\SearchButtonProductCard.tsx": {"path":"C:\\Users\\Jhimy\\Documents\\Hybrid Journey React Native\\Challenges\\Comprass\\projeto-comprass_Squad_05_Winx\\src\\components\\home-screen\\SearchButtonProductCard\\SearchButtonProductCard.tsx","statementMap":{"0":{"start":{"line":20,"column":4},"end":{"line":20,"column":58}},"1":{"start":{"line":23,"column":2},"end":{"line":49,"column":4}},"2":{"start":{"line":25,"column":21},"end":{"line":25,"column":55}}},"fnMap":{"0":{"name":"SearchButtonProductCard","decl":{"start":{"line":16,"column":24},"end":{"line":16,"column":47}},"loc":{"start":{"line":18,"column":2},"end":{"line":50,"column":1}},"line":18},"1":{"name":"numberToTwoDecimalPlacesString","decl":{"start":{"line":19,"column":11},"end":{"line":19,"column":41}},"loc":{"start":{"line":19,"column":58},"end":{"line":21,"column":3}},"line":19},"2":{"name":"(anonymous_2)","decl":{"start":{"line":25,"column":15},"end":{"line":25,"column":16}},"loc":{"start":{"line":25,"column":21},"end":{"line":25,"column":55}},"line":25}},"branchMap":{"0":{"loc":{"start":{"line":28,"column":8},"end":{"line":28,"column":77}},"type":"binary-expr","locations":[{"start":{"line":28,"column":8},"end":{"line":28,"column":30}},{"start":{"line":28,"column":34},"end":{"line":28,"column":51}},{"start":{"line":28,"column":55},"end":{"line":28,"column":77}}],"line":28},"1":{"loc":{"start":{"line":29,"column":8},"end":{"line":31,"column":58}},"type":"binary-expr","locations":[{"start":{"line":29,"column":8},"end":{"line":29,"column":30}},{"start":{"line":30,"column":10},"end":{"line":30,"column":27}},{"start":{"line":31,"column":10},"end":{"line":31,"column":58}}],"line":29}},"s":{"0":0,"1":0,"2":0},"f":{"0":0,"1":0,"2":0},"b":{"0":[0,0,0],"1":[0,0,0]}}
,"C:\\Users\\Jhimy\\Documents\\Hybrid Journey React Native\\Challenges\\Comprass\\projeto-comprass_Squad_05_Winx\\src\\components\\home-screen\\SearchButtonProductCard\\style.ts": {"path":"C:\\Users\\Jhimy\\Documents\\Hybrid Journey React Native\\Challenges\\Comprass\\projeto-comprass_Squad_05_Winx\\src\\components\\home-screen\\SearchButtonProductCard\\style.ts","statementMap":{"0":{"start":{"line":4,"column":14},"end":{"line":4,"column":44}},"1":{"start":{"line":6,"column":22},"end":{"line":47,"column":2}}},"fnMap":{},"branchMap":{},"s":{"0":0,"1":0},"f":{},"b":{}}
,"C:\\Users\\Jhimy\\Documents\\Hybrid Journey React Native\\Challenges\\Comprass\\projeto-comprass_Squad_05_Winx\\src\\components\\product-details\\Accordion\\Accordion.tsx": {"path":"C:\\Users\\Jhimy\\Documents\\Hybrid Journey React Native\\Challenges\\Comprass\\projeto-comprass_Squad_05_Winx\\src\\components\\product-details\\Accordion\\Accordion.tsx","statementMap":{"0":{"start":{"line":16,"column":0},"end":{"line":18,"column":1}},"1":{"start":{"line":17,"column":2},"end":{"line":17,"column":56}},"2":{"start":{"line":26,"column":34},"end":{"line":26,"column":49}},"3":{"start":{"line":27,"column":30},"end":{"line":27,"column":67}},"4":{"start":{"line":30,"column":19},"end":{"line":34,"column":5}},"5":{"start":{"line":35,"column":4},"end":{"line":35,"column":57}},"6":{"start":{"line":36,"column":4},"end":{"line":36,"column":73}},"7":{"start":{"line":37,"column":4},"end":{"line":37,"column":27}},"8":{"start":{"line":40,"column":25},"end":{"line":43,"column":4}},"9":{"start":{"line":46,"column":4},"end":{"line":48,"column":11}},"10":{"start":{"line":51,"column":2},"end":{"line":61,"column":4}}},"fnMap":{"0":{"name":"Accordion","decl":{"start":{"line":25,"column":24},"end":{"line":25,"column":33}},"loc":{"start":{"line":25,"column":57},"end":{"line":62,"column":1}},"line":25},"1":{"name":"toggleItem","decl":{"start":{"line":29,"column":11},"end":{"line":29,"column":21}},"loc":{"start":{"line":29,"column":24},"end":{"line":38,"column":3}},"line":29}},"branchMap":{"0":{"loc":{"start":{"line":16,"column":0},"end":{"line":18,"column":1}},"type":"if","locations":[{"start":{"line":16,"column":0},"end":{"line":18,"column":1}},{"start":{},"end":{}}],"line":16},"1":{"loc":{"start":{"line":32,"column":15},"end":{"line":32,"column":31}},"type":"cond-expr","locations":[{"start":{"line":32,"column":26},"end":{"line":32,"column":27}},{"start":{"line":32,"column":30},"end":{"line":32,"column":31}}],"line":32},"2":{"loc":{"start":{"line":59,"column":7},"end":{"line":59,"column":23}},"type":"binary-expr","locations":[{"start":{"line":59,"column":7},"end":{"line":59,"column":15}},{"start":{"line":59,"column":19},"end":{"line":59,"column":23}}],"line":59}},"s":{"0":0,"1":0,"2":0,"3":0,"4":0,"5":0,"6":0,"7":0,"8":0,"9":0,"10":0},"f":{"0":0,"1":0},"b":{"0":[0,0],"1":[0,0],"2":[0,0]}}
,"C:\\Users\\Jhimy\\Documents\\Hybrid Journey React Native\\Challenges\\Comprass\\projeto-comprass_Squad_05_Winx\\src\\components\\product-details\\Accordion\\style.ts": {"path":"C:\\Users\\Jhimy\\Documents\\Hybrid Journey React Native\\Challenges\\Comprass\\projeto-comprass_Squad_05_Winx\\src\\components\\product-details\\Accordion\\style.ts","statementMap":{"0":{"start":{"line":4,"column":22},"end":{"line":28,"column":2}}},"fnMap":{},"branchMap":{},"s":{"0":0},"f":{},"b":{}}
,"C:\\Users\\Jhimy\\Documents\\Hybrid Journey React Native\\Challenges\\Comprass\\projeto-comprass_Squad_05_Winx\\src\\components\\product-details\\AmountControler\\AmountControler.tsx": {"path":"C:\\Users\\Jhimy\\Documents\\Hybrid Journey React Native\\Challenges\\Comprass\\projeto-comprass_Squad_05_Winx\\src\\components\\product-details\\AmountControler\\AmountControler.tsx","statementMap":{"0":{"start":{"line":17,"column":30},"end":{"line":17,"column":41}},"1":{"start":{"line":19,"column":22},"end":{"line":19,"column":45}},"2":{"start":{"line":21,"column":2},"end":{"line":23,"column":9}},"3":{"start":{"line":22,"column":4},"end":{"line":22,"column":58}},"4":{"start":{"line":26,"column":4},"end":{"line":32,"column":5}},"5":{"start":{"line":27,"column":6},"end":{"line":27,"column":13}},"6":{"start":{"line":28,"column":11},"end":{"line":32,"column":5}},"7":{"start":{"line":29,"column":6},"end":{"line":29,"column":46}},"8":{"start":{"line":31,"column":6},"end":{"line":31,"column":61}},"9":{"start":{"line":33,"column":4},"end":{"line":33,"column":32}},"10":{"start":{"line":33,"column":23},"end":{"line":33,"column":30}},"11":{"start":{"line":37,"column":4},"end":{"line":49,"column":5}},"12":{"start":{"line":42,"column":6},"end":{"line":46,"column":9}},"13":{"start":{"line":48,"column":6},"end":{"line":48,"column":56}},"14":{"start":{"line":50,"column":4},"end":{"line":50,"column":32}},"15":{"start":{"line":50,"column":23},"end":{"line":50,"column":30}},"16":{"start":{"line":53,"column":2},"end":{"line":67,"column":4}}},"fnMap":{"0":{"name":"AmountControler","decl":{"start":{"line":16,"column":24},"end":{"line":16,"column":39}},"loc":{"start":{"line":16,"column":69},"end":{"line":68,"column":1}},"line":16},"1":{"name":"(anonymous_1)","decl":{"start":{"line":21,"column":12},"end":{"line":21,"column":13}},"loc":{"start":{"line":21,"column":18},"end":{"line":23,"column":3}},"line":21},"2":{"name":"onMinusPress","decl":{"start":{"line":25,"column":11},"end":{"line":25,"column":23}},"loc":{"start":{"line":25,"column":26},"end":{"line":34,"column":3}},"line":25},"3":{"name":"(anonymous_3)","decl":{"start":{"line":33,"column":14},"end":{"line":33,"column":15}},"loc":{"start":{"line":33,"column":23},"end":{"line":33,"column":30}},"line":33},"4":{"name":"onPlusPress","decl":{"start":{"line":36,"column":11},"end":{"line":36,"column":22}},"loc":{"start":{"line":36,"column":25},"end":{"line":51,"column":3}},"line":36},"5":{"name":"(anonymous_5)","decl":{"start":{"line":50,"column":14},"end":{"line":50,"column":15}},"loc":{"start":{"line":50,"column":23},"end":{"line":50,"column":30}},"line":50}},"branchMap":{"0":{"loc":{"start":{"line":26,"column":4},"end":{"line":32,"column":5}},"type":"if","locations":[{"start":{"line":26,"column":4},"end":{"line":32,"column":5}},{"start":{"line":28,"column":11},"end":{"line":32,"column":5}}],"line":26},"1":{"loc":{"start":{"line":28,"column":11},"end":{"line":32,"column":5}},"type":"if","locations":[{"start":{"line":28,"column":11},"end":{"line":32,"column":5}},{"start":{"line":30,"column":11},"end":{"line":32,"column":5}}],"line":28},"2":{"loc":{"start":{"line":37,"column":4},"end":{"line":49,"column":5}},"type":"if","locations":[{"start":{"line":37,"column":4},"end":{"line":49,"column":5}},{"start":{"line":47,"column":11},"end":{"line":49,"column":5}}],"line":37},"3":{"loc":{"start":{"line":38,"column":6},"end":{"line":40,"column":38}},"type":"binary-expr","locations":[{"start":{"line":38,"column":6},"end":{"line":38,"column":18}},{"start":{"line":39,"column":6},"end":{"line":39,"column":37}},{"start":{"line":40,"column":6},"end":{"line":40,"column":38}}],"line":38}},"s":{"0":0,"1":0,"2":0,"3":0,"4":0,"5":0,"6":0,"7":0,"8":0,"9":0,"10":0,"11":0,"12":0,"13":0,"14":0,"15":0,"16":0},"f":{"0":0,"1":0,"2":0,"3":0,"4":0,"5":0},"b":{"0":[0,0],"1":[0,0],"2":[0,0],"3":[0,0,0]}}
,"C:\\Users\\Jhimy\\Documents\\Hybrid Journey React Native\\Challenges\\Comprass\\projeto-comprass_Squad_05_Winx\\src\\components\\product-details\\AmountControler\\style.ts": {"path":"C:\\Users\\Jhimy\\Documents\\Hybrid Journey React Native\\Challenges\\Comprass\\projeto-comprass_Squad_05_Winx\\src\\components\\product-details\\AmountControler\\style.ts","statementMap":{"0":{"start":{"line":4,"column":22},"end":{"line":47,"column":2}}},"fnMap":{},"branchMap":{},"s":{"0":0},"f":{},"b":{}}
,"C:\\Users\\Jhimy\\Documents\\Hybrid Journey React Native\\Challenges\\Comprass\\projeto-comprass_Squad_05_Winx\\src\\components\\product-details\\ProductDetailsHeader\\ProductDetailsHeader.tsx": {"path":"C:\\Users\\Jhimy\\Documents\\Hybrid Journey React Native\\Challenges\\Comprass\\projeto-comprass_Squad_05_Winx\\src\\components\\product-details\\ProductDetailsHeader\\ProductDetailsHeader.tsx","statementMap":{"0":{"start":{"line":12,"column":2},"end":{"line":23,"column":4}}},"fnMap":{"0":{"name":"ProductDetailsHeader","decl":{"start":{"line":11,"column":24},"end":{"line":11,"column":44}},"loc":{"start":{"line":11,"column":79},"end":{"line":24,"column":1}},"line":11}},"branchMap":{"0":{"loc":{"start":{"line":16,"column":8},"end":{"line":16,"column":58}},"type":"cond-expr","locations":[{"start":{"line":16,"column":31},"end":{"line":16,"column":51}},{"start":{"line":16,"column":54},"end":{"line":16,"column":58}}],"line":16}},"s":{"0":0},"f":{"0":0},"b":{"0":[0,0]}}
,"C:\\Users\\Jhimy\\Documents\\Hybrid Journey React Native\\Challenges\\Comprass\\projeto-comprass_Squad_05_Winx\\src\\components\\product-details\\ProductDetailsHeader\\style.ts": {"path":"C:\\Users\\Jhimy\\Documents\\Hybrid Journey React Native\\Challenges\\Comprass\\projeto-comprass_Squad_05_Winx\\src\\components\\product-details\\ProductDetailsHeader\\style.ts","statementMap":{"0":{"start":{"line":4,"column":22},"end":{"line":23,"column":2}}},"fnMap":{},"branchMap":{},"s":{"0":0},"f":{},"b":{}}
,"C:\\Users\\Jhimy\\Documents\\Hybrid Journey React Native\\Challenges\\Comprass\\projeto-comprass_Squad_05_Winx\\src\\components\\product-details\\ProductInfos\\ProductInfos.tsx": {"path":"C:\\Users\\Jhimy\\Documents\\Hybrid Journey React Native\\Challenges\\Comprass\\projeto-comprass_Squad_05_Winx\\src\\components\\product-details\\ProductInfos\\ProductInfos.tsx","statementMap":{"0":{"start":{"line":14,"column":20},"end":{"line":14,"column":50}},"1":{"start":{"line":29,"column":40},"end":{"line":29,"column":51}},"2":{"start":{"line":31,"column":23},"end":{"line":31,"column":43}},"3":{"start":{"line":36,"column":18},"end":{"line":36,"column":76}},"4":{"start":{"line":37,"column":4},"end":{"line":37,"column":26}},"5":{"start":{"line":41,"column":4},"end":{"line":41,"column":58}},"6":{"start":{"line":44,"column":2},"end":{"line":87,"column":4}},"7":{"start":{"line":53,"column":38},"end":{"line":53,"column":54}},"8":{"start":{"line":55,"column":12},"end":{"line":55,"column":65}}},"fnMap":{"0":{"name":"ProductInfos","decl":{"start":{"line":28,"column":24},"end":{"line":28,"column":36}},"loc":{"start":{"line":28,"column":63},"end":{"line":88,"column":1}},"line":28},"1":{"name":"carouselScrollEndHandler","decl":{"start":{"line":33,"column":11},"end":{"line":33,"column":35}},"loc":{"start":{"line":35,"column":4},"end":{"line":38,"column":3}},"line":35},"2":{"name":"decimalToTwoDecimalPlacesString","decl":{"start":{"line":40,"column":11},"end":{"line":40,"column":42}},"loc":{"start":{"line":40,"column":59},"end":{"line":42,"column":3}},"line":40},"3":{"name":"(anonymous_3)","decl":{"start":{"line":53,"column":24},"end":{"line":53,"column":25}},"loc":{"start":{"line":53,"column":38},"end":{"line":53,"column":54}},"line":53},"4":{"name":"(anonymous_4)","decl":{"start":{"line":54,"column":22},"end":{"line":54,"column":23}},"loc":{"start":{"line":55,"column":12},"end":{"line":55,"column":65}},"line":55}},"branchMap":{"0":{"loc":{"start":{"line":61,"column":12},"end":{"line":66,"column":13}},"type":"binary-expr","locations":[{"start":{"line":61,"column":12},"end":{"line":61,"column":47}},{"start":{"line":61,"column":51},"end":{"line":66,"column":13}}],"line":61},"1":{"loc":{"start":{"line":77,"column":11},"end":{"line":79,"column":18}},"type":"cond-expr","locations":[{"start":{"line":78,"column":14},"end":{"line":78,"column":66}},{"start":{"line":79,"column":14},"end":{"line":79,"column":18}}],"line":77}},"s":{"0":0,"1":0,"2":0,"3":0,"4":0,"5":0,"6":0,"7":0,"8":0},"f":{"0":0,"1":0,"2":0,"3":0,"4":0},"b":{"0":[0,0],"1":[0,0]}}
,"C:\\Users\\Jhimy\\Documents\\Hybrid Journey React Native\\Challenges\\Comprass\\projeto-comprass_Squad_05_Winx\\src\\components\\product-details\\ProductInfos\\style.ts": {"path":"C:\\Users\\Jhimy\\Documents\\Hybrid Journey React Native\\Challenges\\Comprass\\projeto-comprass_Squad_05_Winx\\src\\components\\product-details\\ProductInfos\\style.ts","statementMap":{"0":{"start":{"line":4,"column":20},"end":{"line":4,"column":50}},"1":{"start":{"line":6,"column":22},"end":{"line":57,"column":2}}},"fnMap":{},"branchMap":{},"s":{"0":0,"1":0},"f":{},"b":{}}
,"C:\\Users\\Jhimy\\Documents\\Hybrid Journey React Native\\Challenges\\Comprass\\projeto-comprass_Squad_05_Winx\\src\\components\\product-details\\RelatedItems\\RelatedItems.tsx": {"path":"C:\\Users\\Jhimy\\Documents\\Hybrid Journey React Native\\Challenges\\Comprass\\projeto-comprass_Squad_05_Winx\\src\\components\\product-details\\RelatedItems\\RelatedItems.tsx","statementMap":{"0":{"start":{"line":26,"column":26},"end":{"line":26,"column":50}},"1":{"start":{"line":28,"column":44},"end":{"line":28,"column":46}},"2":{"start":{"line":33,"column":4},"end":{"line":42,"column":5}},"3":{"start":{"line":34,"column":23},"end":{"line":37,"column":7}},"4":{"start":{"line":38,"column":6},"end":{"line":38,"column":24}},"5":{"start":{"line":41,"column":6},"end":{"line":41,"column":36}},"6":{"start":{"line":45,"column":2},"end":{"line":49,"column":9}},"7":{"start":{"line":46,"column":4},"end":{"line":48,"column":5}},"8":{"start":{"line":47,"column":6},"end":{"line":47,"column":69}},"9":{"start":{"line":52,"column":4},"end":{"line":52,"column":58}},"10":{"start":{"line":70,"column":4},"end":{"line":82,"column":6}},"11":{"start":{"line":73,"column":23},"end":{"line":73,"column":62}},"12":{"start":{"line":85,"column":2},"end":{"line":110,"column":4}},"13":{"start":{"line":98,"column":32},"end":{"line":98,"column":50}},"14":{"start":{"line":100,"column":10},"end":{"line":106,"column":12}}},"fnMap":{"0":{"name":"RelatedItems","decl":{"start":{"line":25,"column":24},"end":{"line":25,"column":36}},"loc":{"start":{"line":25,"column":63},"end":{"line":111,"column":1}},"line":25},"1":{"name":"getLimitedAmountOfProductsFilteredByCategory","decl":{"start":{"line":30,"column":17},"end":{"line":30,"column":61}},"loc":{"start":{"line":32,"column":4},"end":{"line":43,"column":3}},"line":32},"2":{"name":"(anonymous_2)","decl":{"start":{"line":45,"column":12},"end":{"line":45,"column":13}},"loc":{"start":{"line":45,"column":18},"end":{"line":49,"column":3}},"line":45},"3":{"name":"decimalToTwoDecimalPlacesString","decl":{"start":{"line":51,"column":11},"end":{"line":51,"column":42}},"loc":{"start":{"line":51,"column":59},"end":{"line":53,"column":3}},"line":51},"4":{"name":"RenderItem","decl":{"start":{"line":63,"column":11},"end":{"line":63,"column":21}},"loc":{"start":{"line":69,"column":22},"end":{"line":83,"column":3}},"line":69},"5":{"name":"(anonymous_5)","decl":{"start":{"line":73,"column":17},"end":{"line":73,"column":18}},"loc":{"start":{"line":73,"column":23},"end":{"line":73,"column":62}},"line":73},"6":{"name":"(anonymous_6)","decl":{"start":{"line":98,"column":22},"end":{"line":98,"column":23}},"loc":{"start":{"line":98,"column":32},"end":{"line":98,"column":50}},"line":98},"7":{"name":"(anonymous_7)","decl":{"start":{"line":99,"column":20},"end":{"line":99,"column":21}},"loc":{"start":{"line":100,"column":10},"end":{"line":106,"column":12}},"line":100}},"branchMap":{"0":{"loc":{"start":{"line":46,"column":4},"end":{"line":48,"column":5}},"type":"if","locations":[{"start":{"line":46,"column":4},"end":{"line":48,"column":5}},{"start":{},"end":{}}],"line":46}},"s":{"0":0,"1":0,"2":0,"3":0,"4":0,"5":0,"6":0,"7":0,"8":0,"9":0,"10":0,"11":0,"12":0,"13":0,"14":0},"f":{"0":0,"1":0,"2":0,"3":0,"4":0,"5":0,"6":0,"7":0},"b":{"0":[0,0]}}
,"C:\\Users\\Jhimy\\Documents\\Hybrid Journey React Native\\Challenges\\Comprass\\projeto-comprass_Squad_05_Winx\\src\\components\\product-details\\RelatedItems\\style.ts": {"path":"C:\\Users\\Jhimy\\Documents\\Hybrid Journey React Native\\Challenges\\Comprass\\projeto-comprass_Squad_05_Winx\\src\\components\\product-details\\RelatedItems\\style.ts","statementMap":{"0":{"start":{"line":4,"column":22},"end":{"line":51,"column":2}}},"fnMap":{},"branchMap":{},"s":{"0":0},"f":{},"b":{}}
,"C:\\Users\\Jhimy\\Documents\\Hybrid Journey React Native\\Challenges\\Comprass\\projeto-comprass_Squad_05_Winx\\src\\components\\shared\\BackButton\\BackButton.tsx": {"path":"C:\\Users\\Jhimy\\Documents\\Hybrid Journey React Native\\Challenges\\Comprass\\projeto-comprass_Squad_05_Winx\\src\\components\\shared\\BackButton\\BackButton.tsx","statementMap":{"0":{"start":{"line":13,"column":2},"end":{"line":26,"column":4}}},"fnMap":{"0":{"name":"(anonymous_0)","decl":{"start":{"line":12,"column":15},"end":{"line":12,"column":16}},"loc":{"start":{"line":12,"column":49},"end":{"line":27,"column":1}},"line":12}},"branchMap":{"0":{"loc":{"start":{"line":23,"column":15},"end":{"line":23,"column":68}},"type":"cond-expr","locations":[{"start":{"line":23,"column":41},"end":{"line":23,"column":53}},{"start":{"line":23,"column":56},"end":{"line":23,"column":68}}],"line":23}},"s":{"0":1},"f":{"0":1},"b":{"0":[1,0]},"_coverageSchema":"1a1c01bbd47fc00a2c39e90264f33305004495a9","hash":"f52855e13ab19b5aa6a7ce54e67d01b57b175faa"}
,"C:\\Users\\Jhimy\\Documents\\Hybrid Journey React Native\\Challenges\\Comprass\\projeto-comprass_Squad_05_Winx\\src\\components\\shared\\BackButton\\style.ts": {"path":"C:\\Users\\Jhimy\\Documents\\Hybrid Journey React Native\\Challenges\\Comprass\\projeto-comprass_Squad_05_Winx\\src\\components\\shared\\BackButton\\style.ts","statementMap":{"0":{"start":{"line":3,"column":22},"end":{"line":5,"column":2}}},"fnMap":{},"branchMap":{},"s":{"0":1},"f":{},"b":{},"_coverageSchema":"1a1c01bbd47fc00a2c39e90264f33305004495a9","hash":"88b7ad2b4c5a3019936447372179e256d72a950e"}
,"C:\\Users\\Jhimy\\Documents\\Hybrid Journey React Native\\Challenges\\Comprass\\projeto-comprass_Squad_05_Winx\\src\\components\\shared\\Button\\Button.tsx": {"path":"C:\\Users\\Jhimy\\Documents\\Hybrid Journey React Native\\Challenges\\Comprass\\projeto-comprass_Squad_05_Winx\\src\\components\\shared\\Button\\Button.tsx","statementMap":{"0":{"start":{"line":14,"column":2},"end":{"line":28,"column":4}}},"fnMap":{"0":{"name":"Button","decl":{"start":{"line":13,"column":24},"end":{"line":13,"column":30}},"loc":{"start":{"line":13,"column":51},"end":{"line":29,"column":1}},"line":13}},"branchMap":{"0":{"loc":{"start":{"line":20,"column":10},"end":{"line":20,"column":47}},"type":"binary-expr","locations":[{"start":{"line":20,"column":10},"end":{"line":20,"column":23}},{"start":{"line":20,"column":27},"end":{"line":20,"column":47}}],"line":20},"1":{"loc":{"start":{"line":25,"column":9},"end":{"line":25,"column":78}},"type":"binary-expr","locations":[{"start":{"line":25,"column":9},"end":{"line":25,"column":22}},{"start":{"line":25,"column":26},"end":{"line":25,"column":78}}],"line":25}},"s":{"0":4},"f":{"0":4},"b":{"0":[4,2],"1":[4,4]},"_coverageSchema":"1a1c01bbd47fc00a2c39e90264f33305004495a9","hash":"82fac25cc7595adf79bc62be2615503369f864c8"}
,"C:\\Users\\Jhimy\\Documents\\Hybrid Journey React Native\\Challenges\\Comprass\\projeto-comprass_Squad_05_Winx\\src\\components\\shared\\Button\\style.ts": {"path":"C:\\Users\\Jhimy\\Documents\\Hybrid Journey React Native\\Challenges\\Comprass\\projeto-comprass_Squad_05_Winx\\src\\components\\shared\\Button\\style.ts","statementMap":{"0":{"start":{"line":4,"column":22},"end":{"line":28,"column":2}}},"fnMap":{},"branchMap":{},"s":{"0":3},"f":{},"b":{},"_coverageSchema":"1a1c01bbd47fc00a2c39e90264f33305004495a9","hash":"989095268dd98939b8a4808f7f617ed0c61fe85a"}
,"C:\\Users\\Jhimy\\Documents\\Hybrid Journey React Native\\Challenges\\Comprass\\projeto-comprass_Squad_05_Winx\\src\\components\\shared\\ErrorMessage\\ErrorMessage.tsx": {"path":"C:\\Users\\Jhimy\\Documents\\Hybrid Journey React Native\\Challenges\\Comprass\\projeto-comprass_Squad_05_Winx\\src\\components\\shared\\ErrorMessage\\ErrorMessage.tsx","statementMap":{"0":{"start":{"line":8,"column":2},"end":{"line":13,"column":4}}},"fnMap":{"0":{"name":"(anonymous_0)","decl":{"start":{"line":7,"column":15},"end":{"line":7,"column":16}},"loc":{"start":{"line":7,"column":27},"end":{"line":14,"column":1}},"line":7}},"branchMap":{},"s":{"0":1},"f":{"0":1},"b":{},"_coverageSchema":"1a1c01bbd47fc00a2c39e90264f33305004495a9","hash":"31f1869cf609a7bef44db2f92cf9114a9ab62645"}
,"C:\\Users\\Jhimy\\Documents\\Hybrid Journey React Native\\Challenges\\Comprass\\projeto-comprass_Squad_05_Winx\\src\\components\\shared\\ErrorMessage\\style.ts": {"path":"C:\\Users\\Jhimy\\Documents\\Hybrid Journey React Native\\Challenges\\Comprass\\projeto-comprass_Squad_05_Winx\\src\\components\\shared\\ErrorMessage\\style.ts","statementMap":{"0":{"start":{"line":4,"column":22},"end":{"line":18,"column":2}}},"fnMap":{},"branchMap":{},"s":{"0":1},"f":{},"b":{},"_coverageSchema":"1a1c01bbd47fc00a2c39e90264f33305004495a9","hash":"ab07ee0f6cc4bdc96657dbc405d30a878a7f53ae"}
,"C:\\Users\\Jhimy\\Documents\\Hybrid Journey React Native\\Challenges\\Comprass\\projeto-comprass_Squad_05_Winx\\src\\components\\shared\\Input\\Input.tsx": {"path":"C:\\Users\\Jhimy\\Documents\\Hybrid Journey React Native\\Challenges\\Comprass\\projeto-comprass_Squad_05_Winx\\src\\components\\shared\\Input\\Input.tsx","statementMap":{"0":{"start":{"line":31,"column":26},"end":{"line":31,"column":38}},"1":{"start":{"line":32,"column":36},"end":{"line":32,"column":51}},"2":{"start":{"line":33,"column":52},"end":{"line":33,"column":67}},"3":{"start":{"line":35,"column":21},"end":{"line":37,"column":3}},"4":{"start":{"line":36,"column":4},"end":{"line":36,"column":45}},"5":{"start":{"line":39,"column":22},"end":{"line":41,"column":3}},"6":{"start":{"line":40,"column":4},"end":{"line":40,"column":23}},"7":{"start":{"line":43,"column":21},"end":{"line":47,"column":3}},"8":{"start":{"line":44,"column":4},"end":{"line":46,"column":5}},"9":{"start":{"line":45,"column":6},"end":{"line":45,"column":26}},"10":{"start":{"line":48,"column":2},"end":{"line":52,"column":13}},"11":{"start":{"line":49,"column":4},"end":{"line":51,"column":5}},"12":{"start":{"line":50,"column":6},"end":{"line":50,"column":25}},"13":{"start":{"line":54,"column":2},"end":{"line":149,"column":4}},"14":{"start":{"line":92,"column":12},"end":{"line":92,"column":29}},"15":{"start":{"line":93,"column":12},"end":{"line":95,"column":13}},"16":{"start":{"line":94,"column":14},"end":{"line":94,"column":42}}},"fnMap":{"0":{"name":"AuthInput","decl":{"start":{"line":30,"column":24},"end":{"line":30,"column":33}},"loc":{"start":{"line":30,"column":72},"end":{"line":150,"column":1}},"line":30},"1":{"name":"(anonymous_1)","decl":{"start":{"line":35,"column":21},"end":{"line":35,"column":22}},"loc":{"start":{"line":35,"column":27},"end":{"line":37,"column":3}},"line":35},"2":{"name":"(anonymous_2)","decl":{"start":{"line":39,"column":22},"end":{"line":39,"column":23}},"loc":{"start":{"line":39,"column":28},"end":{"line":41,"column":3}},"line":39},"3":{"name":"(anonymous_3)","decl":{"start":{"line":43,"column":21},"end":{"line":43,"column":22}},"loc":{"start":{"line":43,"column":27},"end":{"line":47,"column":3}},"line":43},"4":{"name":"(anonymous_4)","decl":{"start":{"line":48,"column":12},"end":{"line":48,"column":13}},"loc":{"start":{"line":48,"column":18},"end":{"line":52,"column":3}},"line":48},"5":{"name":"(anonymous_5)","decl":{"start":{"line":91,"column":24},"end":{"line":91,"column":25}},"loc":{"start":{"line":91,"column":37},"end":{"line":96,"column":11}},"line":91}},"branchMap":{"0":{"loc":{"start":{"line":44,"column":4},"end":{"line":46,"column":5}},"type":"if","locations":[{"start":{"line":44,"column":4},"end":{"line":46,"column":5}},{"start":{},"end":{}}],"line":44},"1":{"loc":{"start":{"line":49,"column":4},"end":{"line":51,"column":5}},"type":"if","locations":[{"start":{"line":49,"column":4},"end":{"line":51,"column":5}},{"start":{},"end":{}}],"line":49},"2":{"loc":{"start":{"line":60,"column":10},"end":{"line":60,"column":48}},"type":"binary-expr","locations":[{"start":{"line":60,"column":10},"end":{"line":60,"column":25}},{"start":{"line":60,"column":29},"end":{"line":60,"column":48}}],"line":60},"3":{"loc":{"start":{"line":61,"column":10},"end":{"line":61,"column":48}},"type":"cond-expr","locations":[{"start":{"line":61,"column":24},"end":{"line":61,"column":41}},{"start":{"line":61,"column":44},"end":{"line":61,"column":48}}],"line":61},"4":{"loc":{"start":{"line":67,"column":12},"end":{"line":78,"column":17}},"type":"cond-expr","locations":[{"start":{"line":68,"column":16},"end":{"line":73,"column":17}},{"start":{"line":74,"column":16},"end":{"line":78,"column":17}}],"line":67},"5":{"loc":{"start":{"line":69,"column":23},"end":{"line":69,"column":78}},"type":"cond-expr","locations":[{"start":{"line":69,"column":72},"end":{"line":69,"column":73}},{"start":{"line":69,"column":76},"end":{"line":69,"column":78}}],"line":69},"6":{"loc":{"start":{"line":69,"column":23},"end":{"line":69,"column":69}},"type":"binary-expr","locations":[{"start":{"line":69,"column":23},"end":{"line":69,"column":32}},{"start":{"line":69,"column":36},"end":{"line":69,"column":54}},{"start":{"line":69,"column":58},"end":{"line":69,"column":69}}],"line":69},"7":{"loc":{"start":{"line":71,"column":20},"end":{"line":71,"column":76}},"type":"cond-expr","locations":[{"start":{"line":71,"column":69},"end":{"line":71,"column":71}},{"start":{"line":71,"column":74},"end":{"line":71,"column":76}}],"line":71},"8":{"loc":{"start":{"line":71,"column":20},"end":{"line":71,"column":66}},"type":"binary-expr","locations":[{"start":{"line":71,"column":20},"end":{"line":71,"column":29}},{"start":{"line":71,"column":33},"end":{"line":71,"column":51}},{"start":{"line":71,"column":55},"end":{"line":71,"column":66}}],"line":71},"9":{"loc":{"start":{"line":75,"column":23},"end":{"line":75,"column":56}},"type":"cond-expr","locations":[{"start":{"line":75,"column":50},"end":{"line":75,"column":51}},{"start":{"line":75,"column":54},"end":{"line":75,"column":56}}],"line":75},"10":{"loc":{"start":{"line":75,"column":23},"end":{"line":75,"column":47}},"type":"binary-expr","locations":[{"start":{"line":75,"column":23},"end":{"line":75,"column":32}},{"start":{"line":75,"column":36},"end":{"line":75,"column":47}}],"line":75},"11":{"loc":{"start":{"line":76,"column":28},"end":{"line":76,"column":62}},"type":"cond-expr","locations":[{"start":{"line":76,"column":55},"end":{"line":76,"column":57}},{"start":{"line":76,"column":60},"end":{"line":76,"column":62}}],"line":76},"12":{"loc":{"start":{"line":76,"column":28},"end":{"line":76,"column":52}},"type":"binary-expr","locations":[{"start":{"line":76,"column":28},"end":{"line":76,"column":37}},{"start":{"line":76,"column":41},"end":{"line":76,"column":52}}],"line":76},"13":{"loc":{"start":{"line":88,"column":27},"end":{"line":88,"column":70}},"type":"binary-expr","locations":[{"start":{"line":88,"column":27},"end":{"line":88,"column":48}},{"start":{"line":88,"column":52},"end":{"line":88,"column":70}}],"line":88},"14":{"loc":{"start":{"line":93,"column":12},"end":{"line":95,"column":13}},"type":"if","locations":[{"start":{"line":93,"column":12},"end":{"line":95,"column":13}},{"start":{},"end":{}}],"line":93},"15":{"loc":{"start":{"line":100,"column":9},"end":{"line":118,"column":16}},"type":"cond-expr","locations":[{"start":{"line":101,"column":10},"end":{"line":117,"column":22}},{"start":{"line":118,"column":12},"end":{"line":118,"column":16}}],"line":100},"16":{"loc":{"start":{"line":100,"column":9},"end":{"line":100,"column":48}},"type":"binary-expr","locations":[{"start":{"line":100,"column":9},"end":{"line":100,"column":30}},{"start":{"line":100,"column":34},"end":{"line":100,"column":48}}],"line":100},"17":{"loc":{"start":{"line":102,"column":13},"end":{"line":116,"column":13}},"type":"cond-expr","locations":[{"start":{"line":103,"column":14},"end":{"line":108,"column":16}},{"start":{"line":110,"column":14},"end":{"line":115,"column":16}}],"line":102},"18":{"loc":{"start":{"line":120,"column":11},"end":{"line":145,"column":11}},"type":"cond-expr","locations":[{"start":{"line":121,"column":12},"end":{"line":125,"column":14}},{"start":{"line":127,"column":12},"end":{"line":144,"column":14}}],"line":120},"19":{"loc":{"start":{"line":127,"column":12},"end":{"line":144,"column":14}},"type":"binary-expr","locations":[{"start":{"line":127,"column":12},"end":{"line":127,"column":28}},{"start":{"line":128,"column":13},"end":{"line":144,"column":13}}],"line":127},"20":{"loc":{"start":{"line":128,"column":13},"end":{"line":144,"column":13}},"type":"cond-expr","locations":[{"start":{"line":129,"column":14},"end":{"line":134,"column":16}},{"start":{"line":136,"column":14},"end":{"line":143,"column":15}}],"line":128},"21":{"loc":{"start":{"line":136,"column":14},"end":{"line":143,"column":15}},"type":"binary-expr","locations":[{"start":{"line":136,"column":14},"end":{"line":136,"column":29}},{"start":{"line":137,"column":16},"end":{"line":142,"column":18}}],"line":136}},"s":{"0":11,"1":11,"2":11,"3":11,"4":0,"5":11,"6":0,"7":11,"8":0,"9":0,"10":11,"11":6,"12":0,"13":11,"14":0,"15":0,"16":0},"f":{"0":11,"1":0,"2":0,"3":0,"4":6,"5":0},"b":{"0":[0,0],"1":[0,6],"2":[11,9],"3":[0,11],"4":[8,3],"5":[0,8],"6":[8,8,8],"7":[0,8],"8":[8,8,8],"9":[0,3],"10":[3,3],"11":[0,3],"12":[3,3],"13":[11,0],"14":[0,0],"15":[0,11],"16":[11,0],"17":[0,0],"18":[0,11],"19":[11,0],"20":[0,0],"21":[0,0]},"_coverageSchema":"1a1c01bbd47fc00a2c39e90264f33305004495a9","hash":"d34aeab1db5715d3ee873303dc106e5b2939c18b"}
,"C:\\Users\\Jhimy\\Documents\\Hybrid Journey React Native\\Challenges\\Comprass\\projeto-comprass_Squad_05_Winx\\src\\components\\shared\\Input\\style.ts": {"path":"C:\\Users\\Jhimy\\Documents\\Hybrid Journey React Native\\Challenges\\Comprass\\projeto-comprass_Squad_05_Winx\\src\\components\\shared\\Input\\style.ts","statementMap":{"0":{"start":{"line":4,"column":22},"end":{"line":48,"column":2}}},"fnMap":{},"branchMap":{},"s":{"0":2},"f":{},"b":{},"_coverageSchema":"1a1c01bbd47fc00a2c39e90264f33305004495a9","hash":"0feab3b36d95e6be304fc2c402ce8a554a4b2afd"}
,"C:\\Users\\Jhimy\\Documents\\Hybrid Journey React Native\\Challenges\\Comprass\\projeto-comprass_Squad_05_Winx\\src\\components\\shared\\Tittle\\Tittle.tsx": {"path":"C:\\Users\\Jhimy\\Documents\\Hybrid Journey React Native\\Challenges\\Comprass\\projeto-comprass_Squad_05_Winx\\src\\components\\shared\\Tittle\\Tittle.tsx","statementMap":{"0":{"start":{"line":12,"column":2},"end":{"line":16,"column":4}}},"fnMap":{"0":{"name":"Tittle","decl":{"start":{"line":11,"column":24},"end":{"line":11,"column":30}},"loc":{"start":{"line":11,"column":67},"end":{"line":17,"column":1}},"line":11}},"branchMap":{"0":{"loc":{"start":{"line":14,"column":40},"end":{"line":14,"column":82}},"type":"cond-expr","locations":[{"start":{"line":14,"column":59},"end":{"line":14,"column":72}},{"start":{"line":14,"column":77},"end":{"line":14,"column":81}}],"line":14}},"s":{"0":6},"f":{"0":6},"b":{"0":[0,6]},"_coverageSchema":"1a1c01bbd47fc00a2c39e90264f33305004495a9","hash":"780541eca66cec3c7a8736928a71facfaa4c24a1"}
,"C:\\Users\\Jhimy\\Documents\\Hybrid Journey React Native\\Challenges\\Comprass\\projeto-comprass_Squad_05_Winx\\src\\components\\shared\\Tittle\\style.ts": {"path":"C:\\Users\\Jhimy\\Documents\\Hybrid Journey React Native\\Challenges\\Comprass\\projeto-comprass_Squad_05_Winx\\src\\components\\shared\\Tittle\\style.ts","statementMap":{"0":{"start":{"line":3,"column":22},"end":{"line":12,"column":2}}},"fnMap":{},"branchMap":{},"s":{"0":6},"f":{},"b":{},"_coverageSchema":"1a1c01bbd47fc00a2c39e90264f33305004495a9","hash":"9c3132846e1cf719ca6a9bcf9d61ad2daa0145f8"}
,"C:\\Users\\Jhimy\\Documents\\Hybrid Journey React Native\\Challenges\\Comprass\\projeto-comprass_Squad_05_Winx\\src\\contexts\\authJWTContext.tsx": {"path":"C:\\Users\\Jhimy\\Documents\\Hybrid Journey React Native\\Challenges\\Comprass\\projeto-comprass_Squad_05_Winx\\src\\contexts\\authJWTContext.tsx","statementMap":{"0":{"start":{"line":12,"column":28},"end":{"line":14,"column":1}},"1":{"start":{"line":21,"column":28},"end":{"line":21,"column":40}},"2":{"start":{"line":22,"column":44},"end":{"line":22,"column":59}},"3":{"start":{"line":23,"column":22},"end":{"line":23,"column":34}},"4":{"start":{"line":26,"column":4},"end":{"line":26,"column":19}},"5":{"start":{"line":27,"column":4},"end":{"line":29,"column":5}},"6":{"start":{"line":28,"column":6},"end":{"line":28,"column":29}},"7":{"start":{"line":33,"column":4},"end":{"line":33,"column":17}},"8":{"start":{"line":34,"column":4},"end":{"line":34,"column":28}},"9":{"start":{"line":38,"column":4},"end":{"line":38,"column":16}},"10":{"start":{"line":41,"column":43},"end":{"line":48,"column":3}},"11":{"start":{"line":50,"column":2},"end":{"line":54,"column":4}}},"fnMap":{"0":{"name":"TokenProvider","decl":{"start":{"line":20,"column":9},"end":{"line":20,"column":22}},"loc":{"start":{"line":20,"column":56},"end":{"line":55,"column":1}},"line":20},"1":{"name":"receiveToken","decl":{"start":{"line":25,"column":11},"end":{"line":25,"column":23}},"loc":{"start":{"line":25,"column":38},"end":{"line":30,"column":3}},"line":25},"2":{"name":"deleteToken","decl":{"start":{"line":32,"column":11},"end":{"line":32,"column":22}},"loc":{"start":{"line":32,"column":25},"end":{"line":35,"column":3}},"line":32},"3":{"name":"getId","decl":{"start":{"line":37,"column":11},"end":{"line":37,"column":16}},"loc":{"start":{"line":37,"column":31},"end":{"line":39,"column":3}},"line":37}},"branchMap":{"0":{"loc":{"start":{"line":27,"column":4},"end":{"line":29,"column":5}},"type":"if","locations":[{"start":{"line":27,"column":4},"end":{"line":29,"column":5}},{"start":{},"end":{}}],"line":27},"1":{"loc":{"start":{"line":27,"column":8},"end":{"line":27,"column":41}},"type":"binary-expr","locations":[{"start":{"line":27,"column":8},"end":{"line":27,"column":19}},{"start":{"line":27,"column":23},"end":{"line":27,"column":41}}],"line":27}},"s":{"0":1,"1":0,"2":0,"3":0,"4":0,"5":0,"6":0,"7":0,"8":0,"9":0,"10":0,"11":0},"f":{"0":0,"1":0,"2":0,"3":0},"b":{"0":[0,0],"1":[0,0]},"_coverageSchema":"1a1c01bbd47fc00a2c39e90264f33305004495a9","hash":"598edf38257ca554eeca8fd2405ade1e437f4a4d"}
,"C:\\Users\\Jhimy\\Documents\\Hybrid Journey React Native\\Challenges\\Comprass\\projeto-comprass_Squad_05_Winx\\src\\contexts\\cartContext.tsx": {"path":"C:\\Users\\Jhimy\\Documents\\Hybrid Journey React Native\\Challenges\\Comprass\\projeto-comprass_Squad_05_Winx\\src\\contexts\\cartContext.tsx","statementMap":{"0":{"start":{"line":28,"column":27},"end":{"line":28,"column":63}},"1":{"start":{"line":31,"column":26},"end":{"line":31,"column":56}},"2":{"start":{"line":32,"column":38},"end":{"line":32,"column":57}},"3":{"start":{"line":33,"column":44},"end":{"line":33,"column":66}},"4":{"start":{"line":35,"column":38},"end":{"line":35,"column":56}},"5":{"start":{"line":38,"column":33},"end":{"line":44,"column":5}},"6":{"start":{"line":45,"column":4},"end":{"line":45,"column":29}},"7":{"start":{"line":49,"column":4},"end":{"line":57,"column":6}},"8":{"start":{"line":51,"column":8},"end":{"line":54,"column":9}},"9":{"start":{"line":52,"column":10},"end":{"line":52,"column":36}},"10":{"start":{"line":53,"column":10},"end":{"line":53,"column":58}},"11":{"start":{"line":55,"column":8},"end":{"line":55,"column":20}},"12":{"start":{"line":61,"column":4},"end":{"line":69,"column":6}},"13":{"start":{"line":63,"column":8},"end":{"line":66,"column":9}},"14":{"start":{"line":64,"column":10},"end":{"line":64,"column":36}},"15":{"start":{"line":65,"column":10},"end":{"line":65,"column":58}},"16":{"start":{"line":67,"column":8},"end":{"line":67,"column":20}},"17":{"start":{"line":73,"column":4},"end":{"line":73,"column":51}},"18":{"start":{"line":73,"column":34},"end":{"line":73,"column":48}},"19":{"start":{"line":77,"column":24},"end":{"line":77,"column":25}},"20":{"start":{"line":78,"column":4},"end":{"line":80,"column":7}},"21":{"start":{"line":79,"column":6},"end":{"line":79,"column":60}},"22":{"start":{"line":84,"column":4},"end":{"line":86,"column":7}},"23":{"start":{"line":85,"column":6},"end":{"line":85,"column":52}},"24":{"start":{"line":90,"column":17},"end":{"line":90,"column":18}},"25":{"start":{"line":91,"column":4},"end":{"line":95,"column":7}},"26":{"start":{"line":92,"column":6},"end":{"line":94,"column":7}},"27":{"start":{"line":93,"column":8},"end":{"line":93,"column":38}},"28":{"start":{"line":96,"column":4},"end":{"line":96,"column":18}},"29":{"start":{"line":99,"column":2},"end":{"line":102,"column":13}},"30":{"start":{"line":100,"column":4},"end":{"line":100,"column":26}},"31":{"start":{"line":101,"column":4},"end":{"line":101,"column":28}},"32":{"start":{"line":104,"column":16},"end":{"line":113,"column":3}},"33":{"start":{"line":115,"column":2},"end":{"line":115,"column":79}}},"fnMap":{"0":{"name":"CartContextProvider","decl":{"start":{"line":30,"column":24},"end":{"line":30,"column":43}},"loc":{"start":{"line":30,"column":77},"end":{"line":116,"column":1}},"line":30},"1":{"name":"addNewItem","decl":{"start":{"line":37,"column":11},"end":{"line":37,"column":21}},"loc":{"start":{"line":37,"column":54},"end":{"line":46,"column":3}},"line":37},"2":{"name":"addOneToExistingItem","decl":{"start":{"line":48,"column":11},"end":{"line":48,"column":31}},"loc":{"start":{"line":48,"column":44},"end":{"line":58,"column":3}},"line":48},"3":{"name":"(anonymous_3)","decl":{"start":{"line":50,"column":15},"end":{"line":50,"column":16}},"loc":{"start":{"line":50,"column":25},"end":{"line":56,"column":7}},"line":50},"4":{"name":"removeOneFromExistingItem","decl":{"start":{"line":60,"column":11},"end":{"line":60,"column":36}},"loc":{"start":{"line":60,"column":49},"end":{"line":70,"column":3}},"line":60},"5":{"name":"(anonymous_5)","decl":{"start":{"line":62,"column":15},"end":{"line":62,"column":16}},"loc":{"start":{"line":62,"column":25},"end":{"line":68,"column":7}},"line":62},"6":{"name":"deleteItem","decl":{"start":{"line":72,"column":11},"end":{"line":72,"column":21}},"loc":{"start":{"line":72,"column":34},"end":{"line":74,"column":3}},"line":72},"7":{"name":"(anonymous_7)","decl":{"start":{"line":73,"column":24},"end":{"line":73,"column":25}},"loc":{"start":{"line":73,"column":34},"end":{"line":73,"column":48}},"line":73},"8":{"name":"calculateTotalPrice","decl":{"start":{"line":76,"column":11},"end":{"line":76,"column":30}},"loc":{"start":{"line":76,"column":33},"end":{"line":81,"column":3}},"line":76},"9":{"name":"(anonymous_9)","decl":{"start":{"line":78,"column":13},"end":{"line":78,"column":14}},"loc":{"start":{"line":78,"column":23},"end":{"line":80,"column":5}},"line":78},"10":{"name":"populateItensIdInCart","decl":{"start":{"line":83,"column":11},"end":{"line":83,"column":32}},"loc":{"start":{"line":83,"column":35},"end":{"line":87,"column":3}},"line":83},"11":{"name":"(anonymous_11)","decl":{"start":{"line":84,"column":13},"end":{"line":84,"column":14}},"loc":{"start":{"line":84,"column":23},"end":{"line":86,"column":5}},"line":84},"12":{"name":"getItemAmount","decl":{"start":{"line":89,"column":11},"end":{"line":89,"column":24}},"loc":{"start":{"line":89,"column":37},"end":{"line":97,"column":3}},"line":89},"13":{"name":"(anonymous_13)","decl":{"start":{"line":91,"column":17},"end":{"line":91,"column":18}},"loc":{"start":{"line":91,"column":27},"end":{"line":95,"column":5}},"line":91},"14":{"name":"(anonymous_14)","decl":{"start":{"line":99,"column":12},"end":{"line":99,"column":13}},"loc":{"start":{"line":99,"column":18},"end":{"line":102,"column":3}},"line":99}},"branchMap":{"0":{"loc":{"start":{"line":51,"column":8},"end":{"line":54,"column":9}},"type":"if","locations":[{"start":{"line":51,"column":8},"end":{"line":54,"column":9}},{"start":{},"end":{}}],"line":51},"1":{"loc":{"start":{"line":63,"column":8},"end":{"line":66,"column":9}},"type":"if","locations":[{"start":{"line":63,"column":8},"end":{"line":66,"column":9}},{"start":{},"end":{}}],"line":63},"2":{"loc":{"start":{"line":63,"column":12},"end":{"line":63,"column":54}},"type":"binary-expr","locations":[{"start":{"line":63,"column":12},"end":{"line":63,"column":26}},{"start":{"line":63,"column":30},"end":{"line":63,"column":54}}],"line":63},"3":{"loc":{"start":{"line":92,"column":6},"end":{"line":94,"column":7}},"type":"if","locations":[{"start":{"line":92,"column":6},"end":{"line":94,"column":7}},{"start":{},"end":{}}],"line":92}},"s":{"0":0,"1":0,"2":0,"3":0,"4":0,"5":0,"6":0,"7":0,"8":0,"9":0,"10":0,"11":0,"12":0,"13":0,"14":0,"15":0,"16":0,"17":0,"18":0,"19":0,"20":0,"21":0,"22":0,"23":0,"24":0,"25":0,"26":0,"27":0,"28":0,"29":0,"30":0,"31":0,"32":0,"33":0},"f":{"0":0,"1":0,"2":0,"3":0,"4":0,"5":0,"6":0,"7":0,"8":0,"9":0,"10":0,"11":0,"12":0,"13":0,"14":0},"b":{"0":[0,0],"1":[0,0],"2":[0,0],"3":[0,0]}}
,"C:\\Users\\Jhimy\\Documents\\Hybrid Journey React Native\\Challenges\\Comprass\\projeto-comprass_Squad_05_Winx\\src\\routes\\BottomTabRoutes.tsx": {"path":"C:\\Users\\Jhimy\\Documents\\Hybrid Journey React Native\\Challenges\\Comprass\\projeto-comprass_Squad_05_Winx\\src\\routes\\BottomTabRoutes.tsx","statementMap":{"0":{"start":{"line":15,"column":12},"end":{"line":15,"column":38}},"1":{"start":{"line":17,"column":18},"end":{"line":17,"column":20}},"2":{"start":{"line":20,"column":40},"end":{"line":20,"column":63}},"3":{"start":{"line":22,"column":22},"end":{"line":22,"column":45}},"4":{"start":{"line":24,"column":2},"end":{"line":27,"column":26}},"5":{"start":{"line":25,"column":4},"end":{"line":26,"column":31}},"6":{"start":{"line":25,"column":40},"end":{"line":25,"column":61}},"7":{"start":{"line":26,"column":9},"end":{"line":26,"column":31}},"8":{"start":{"line":29,"column":2},"end":{"line":117,"column":4}},"9":{"start":{"line":46,"column":12},"end":{"line":58,"column":14}},"10":{"start":{"line":76,"column":12},"end":{"line":84,"column":14}},"11":{"start":{"line":100,"column":12},"end":{"line":112,"column":14}}},"fnMap":{"0":{"name":"BottomTabRoutes","decl":{"start":{"line":19,"column":24},"end":{"line":19,"column":39}},"loc":{"start":{"line":19,"column":42},"end":{"line":118,"column":1}},"line":19},"1":{"name":"(anonymous_1)","decl":{"start":{"line":24,"column":12},"end":{"line":24,"column":13}},"loc":{"start":{"line":24,"column":18},"end":{"line":27,"column":3}},"line":24},"2":{"name":"(anonymous_2)","decl":{"start":{"line":45,"column":22},"end":{"line":45,"column":23}},"loc":{"start":{"line":45,"column":39},"end":{"line":59,"column":11}},"line":45},"3":{"name":"(anonymous_3)","decl":{"start":{"line":75,"column":22},"end":{"line":75,"column":23}},"loc":{"start":{"line":75,"column":39},"end":{"line":85,"column":11}},"line":75},"4":{"name":"(anonymous_4)","decl":{"start":{"line":99,"column":22},"end":{"line":99,"column":23}},"loc":{"start":{"line":99,"column":39},"end":{"line":113,"column":11}},"line":99}},"branchMap":{"0":{"loc":{"start":{"line":25,"column":4},"end":{"line":26,"column":31}},"type":"if","locations":[{"start":{"line":25,"column":4},"end":{"line":26,"column":31}},{"start":{"line":26,"co
[...]
,"C:\\Users\\Jhimy\\Documents\\Hybrid Journey React Native\\Challenges\\Comprass\\projeto-comprass_Squad_05_Winx\\src\\screens\\SignUp\\style.ts": {"path":"C:\\Users\\Jhimy\\Documents\\Hybrid Journey React Native\\Challenges\\Comprass\\projeto-comprass_Squad_05_Winx\\src\\screens\\SignUp\\style.ts","statementMap":{"0":{"start":{"line":4,"column":22},"end":{"line":48,"column":2}}},"fnMap":{},"branchMap":{},"s":{"0":0},"f":{},"b":{}}
,"C:\\Users\\Jhimy\\Documents\\Hybrid Journey React Native\\Challenges\\Comprass\\projeto-comprass_Squad_05_Winx\\src\\screens\\Splash\\Splash.tsx": {"path":"C:\\Users\\Jhimy\\Documents\\Hybrid Journey React Native\\Challenges\\Comprass\\projeto-comprass_Squad_05_Winx\\src\\screens\\Splash\\Splash.tsx","statementMap":{"0":{"start":{"line":13,"column":2},"end":{"line":24,"column":4}}},"fnMap":{"0":{"name":"Splash","decl":{"start":{"line":12,"column":24},"end":{"line":12,"column":30}},"loc":{"start":{"line":12,"column":33},"end":{"line":25,"column":1}},"line":12}},"branchMap":{},"s":{"0":0},"f":{"0":0},"b":{}}
,"C:\\Users\\Jhimy\\Documents\\Hybrid Journey React Native\\Challenges\\Comprass\\projeto-comprass_Squad_05_Winx\\src\\screens\\Splash\\style.tsx": {"path":"C:\\Users\\Jhimy\\Documents\\Hybrid Journey React Native\\Challenges\\Comprass\\projeto-comprass_Squad_05_Winx\\src\\screens\\Splash\\style.tsx","statementMap":{"0":{"start":{"line":4,"column":18},"end":{"line":4,"column":42}},"1":{"start":{"line":6,"column":16},"end":{"line":6,"column":21}},"2":{"start":{"line":7,"column":22},"end":{"line":21,"column":2}}},"fnMap":{},"branchMap":{},"s":{"0":0,"1":0,"2":0},"f":{},"b":{}}
,"C:\\Users\\Jhimy\\Documents\\Hybrid Journey React Native\\Challenges\\Comprass\\projeto-comprass_Squad_05_Winx\\src\\screens\\SuccessContinue\\SuccessContinue.tsx": {"path":"C:\\Users\\Jhimy\\Documents\\Hybrid Journey React Native\\Challenges\\Comprass\\projeto-comprass_Squad_05_Winx\\src\\screens\\SuccessContinue\\SuccessContinue.tsx","statementMap":{"0":{"start":{"line":22,"column":24},"end":{"line":22,"column":36}},"1":{"start":{"line":24,"column":2},"end":{"line":43,"column":4}},"2":{"start":{"line":37,"column":12},"end":{"line":37,"column":61}}},"fnMap":{"0":{"name":"SuccessContinue","decl":{"start":{"line":18,"column":24},"end":{"line":18,"column":39}},"loc":{"start":{"line":21,"column":39},"end":{"line":44,"column":1}},"line":21},"1":{"name":"(anonymous_1)","decl":{"start":{"line":36,"column":19},"end":{"line":36,"column":20}},"loc":{"start":{"line":36,"column":25},"end":{"line":38,"column":11}},"line":36}},"branchMap":{},"s":{"0":0,"1":0,"2":0},"f":{"0":0,"1":0},"b":{}}
,"C:\\Users\\Jhimy\\Documents\\Hybrid Journey React Native\\Challenges\\Comprass\\projeto-comprass_Squad_05_Winx\\src\\screens\\SuccessContinue\\style.ts": {"path":"C:\\Users\\Jhimy\\Documents\\Hybrid Journey React Native\\Challenges\\Comprass\\projeto-comprass_Squad_05_Winx\\src\\screens\\SuccessContinue\\style.ts","statementMap":{"0":{"start":{"line":4,"column":26},"end":{"line":4,"column":50}},"1":{"start":{"line":6,"column":35},"end":{"line":6,"column":78}},"2":{"start":{"line":7,"column":22},"end":{"line":29,"column":2}}},"fnMap":{},"branchMap":{"0":{"loc":{"start":{"line":6,"column":35},"end":{"line":6,"column":78}},"type":"cond-expr","locations":[{"start":{"line":6,"column":58},"end":{"line":6,"column":72}},{"start":{"line":6,"column":75},"end":{"line":6,"column":78}}],"line":6}},"s":{"0":0,"1":0,"2":0},"f":{},"b":{"0":[0,0]}}
,"C:\\Users\\Jhimy\\Documents\\Hybrid Journey React Native\\Challenges\\Comprass\\projeto-comprass_Squad_05_Winx\\src\\screens\\SuccessEnd\\SuccessEnd.tsx": {"path":"C:\\Users\\Jhimy\\Documents\\Hybrid Journey React Native\\Challenges\\Comprass\\projeto-comprass_Squad_05_Winx\\src\\screens\\SuccessEnd\\SuccessEnd.tsx","statementMap":{"0":{"start":{"line":23,"column":24},"end":{"line":23,"column":36}},"1":{"start":{"line":25,"column":2},"end":{"line":47,"column":4}},"2":{"start":{"line":42,"column":10},"end":{"line":42,"column":72}}},"fnMap":{"0":{"name":"SuccessEnd","decl":{"start":{"line":19,"column":24},"end":{"line":19,"column":34}},"loc":{"start":{"line":22,"column":29},"end":{"line":48,"column":1}},"line":22},"1":{"name":"(anonymous_1)","decl":{"start":{"line":41,"column":17},"end":{"line":41,"column":18}},"loc":{"start":{"line":41,"column":23},"end":{"line":43,"column":9}},"line":41}},"branchMap":{"0":{"loc":{"start":{"line":27,"column":7},"end":{"line":29,"column":7}},"type":"binary-expr","locations":[{"start":{"line":27,"column":7},"end":{"line":27,"column":26}},{"start":{"line":28,"column":8},"end":{"line":28,"column":73}}],"line":27},"1":{"loc":{"start":{"line":30,"column":7},"end":{"line":32,"column":7}},"type":"binary-expr","locations":[{"start":{"line":30,"column":7},"end":{"line":30,"column":26}},{"start":{"line":31,"column":8},"end":{"line":31,"column":72}}],"line":30},"2":{"loc":{"start":{"line":33,"column":7},"end":{"line":38,"column":7}},"type":"binary-expr","locations":[{"start":{"line":33,"column":7},"end":{"line":33,"column":26}},{"start":{"line":34,"column":8},"end":{"line":37,"column":11}}],"line":33}},"s":{"0":0,"1":0,"2":0},"f":{"0":0,"1":0},"b":{"0":[0,0],"1":[0,0],"2":[0,0]}}
,"C:\\Users\\Jhimy\\Documents\\Hybrid Journey React Native\\Challenges\\Comprass\\projeto-comprass_Squad_05_Winx\\src\\screens\\SuccessEnd\\style.ts": {"path":"C:\\Users\\Jhimy\\Documents\\Hybrid Journey React Native\\Challenges\\Comprass\\projeto-comprass_Squad_05_Winx\\src\\screens\\SuccessEnd\\style.ts","statementMap":{"0":{"start":{"line":3,"column":19},"end":{"line":3,"column":43}},"1":{"start":{"line":6,"column":2},"end":{"line":6,"column":45}},"2":{"start":{"line":7,"column":22},"end":{"line":18,"column":2}}},"fnMap":{},"branchMap":{"0":{"loc":{"start":{"line":6,"column":2},"end":{"line":6,"column":45}},"type":"cond-expr","locations":[{"start":{"line":6,"column":25},"end":{"line":6,"column":39}},{"start":{"line":6,"column":42},"end":{"line":6,"column":45}}],"line":6}},"s":{"0":0,"1":0,"2":0},"f":{},"b":{"0":[0,0]}}
,"C:\\Users\\Jhimy\\Documents\\Hybrid Journey React Native\\Challenges\\Comprass\\projeto-comprass_Squad_05_Winx\\src\\styles\\globalStyles.ts": {"path":"C:\\Users\\Jhimy\\Documents\\Hybrid Journey React Native\\Challenges\\Comprass\\projeto-comprass_Squad_05_Winx\\src\\styles\\globalStyles.ts","statementMap":{"0":{"start":{"line":1,"column":22},"end":{"line":15,"column":1}},"1":{"start":{"line":17,"column":28},"end":{"line":22,"column":1}},"2":{"start":{"line":24,"column":25},"end":{"line":32,"column":1}}},"fnMap":{},"branchMap":{},"s":{"0":12,"1":12,"2":12},"f":{},"b":{},"_coverageSchema":"1a1c01bbd47fc00a2c39e90264f33305004495a9","hash":"c3c82580af757945d2f4e0504578f3f0c5c927a0"}
,"C:\\Users\\Jhimy\\Documents\\Hybrid Journey React Native\\Challenges\\Comprass\\projeto-comprass_Squad_05_Winx\\src\\util\\apiPostalCode.ts": {"path":"C:\\Users\\Jhimy\\Documents\\Hybrid Journey React Native\\Challenges\\Comprass\\projeto-comprass_Squad_05_Winx\\src\\util\\apiPostalCode.ts","statementMap":{"0":{"start":{"line":11,"column":2},"end":{"line":27,"column":3}},"1":{"start":{"line":12,"column":14},"end":{"line":12,"column":60}},"2":{"start":{"line":13,"column":21},"end":{"line":13,"column":48}},"3":{"start":{"line":14,"column":33},"end":{"line":20,"column":5}},"4":{"start":{"line":21,"column":4},"end":{"line":23,"column":5}},"5":{"start":{"line":22,"column":6},"end":{"line":22,"column":23}},"6":{"start":{"line":24,"column":4},"end":{"line":24,"column":23}},"7":{"start":{"line":26,"column":4},"end":{"line":26,"column":21}}},"fnMap":{"0":{"name":"getPostalCode","decl":{"start":{"line":10,"column":22},"end":{"line":10,"column":35}},"loc":{"start":{"line":10,"column":56},"end":{"line":28,"column":1}},"line":10}},"branchMap":{"0":{"loc":{"start":{"line":21,"column":4},"end":{"line":23,"column":5}},"type":"if","locations":[{"start":{"line":21,"column":4},"end":{"line":23,"column":5}},{"start":{},"end":{}}],"line":21}},"s":{"0":0,"1":0,"2":0,"3":0,"4":0,"5":0,"6":0,"7":0},"f":{"0":0},"b":{"0":[0,0]},"_coverageSchema":"1a1c01bbd47fc00a2c39e90264f33305004495a9","hash":"2604692d87de971fe5a78a4e1b4e1ba4f521cbf8"}
,"C:\\Users\\Jhimy\\Documents\\Hybrid Journey React Native\\Challenges\\Comprass\\projeto-comprass_Squad_05_Winx\\src\\util\\apiRequests.ts": {"path":"C:\\Users\\Jhimy\\Documents\\Hybrid Journey React Native\\Challenges\\Comprass\\projeto-comprass_Squad_05_Winx\\src\\util\\apiRequests.ts","statementMap":{"0":{"start":{"line":4,"column":12},"end":{"line":4,"column":79}},"1":{"start":{"line":5,"column":19},"end":{"line":5,"column":39}},"2":{"start":{"line":6,"column":2},"end":{"line":6,"column":23}},"3":{"start":{"line":10,"column":12},"end":{"line":10,"column":56}},"4":{"start":{"line":11,"column":19},"end":{"line":11,"column":39}},"5":{"start":{"line":12,"column":2},"end":{"line":16,"column":3}},"6":{"start":{"line":13,"column":4},"end":{"line":13,"column":25}},"7":{"start":{"line":15,"column":4},"end":{"line":15,"column":37}},"8":{"start":{"line":20,"column":12},"end":{"line":20,"column":87}},"9":{"start":{"line":21,"column":19},"end":{"line":21,"column":39}},"10":{"start":{"line":22,"column":2},"end":{"line":22,"column":23}},"11":{"start":{"line":26,"column":12},"end":{"line":26,"column":60}},"12":{"start":{"line":27,"column":19},"end":{"line":27,"column":39}},"13":{"start":{"line":28,"column":2},"end":{"line":28,"column":23}},"14":{"start":{"line":35,"column":12},"end":{"line":35,"column":104}},"15":{"start":{"line":36,"column":19},"end":{"line":36,"column":39}},"16":{"start":{"line":37,"column":2},"end":{"line":37,"column":23}}},"fnMap":{"0":{"name":"fetchProductsByCategoryId","decl":{"start":{"line":3,"column":22},"end":{"line":3,"column":47}},"loc":{"start":{"line":3,"column":68},"end":{"line":7,"column":1}},"line":3},"1":{"name":"fetchCategories","decl":{"start":{"line":9,"column":22},"end":{"line":9,"column":37}},"loc":{"start":{"line":9,"column":40},"end":{"line":17,"column":1}},"line":9},"2":{"name":"fetchProductsFilteredByTitle","decl":{"start":{"line":19,"column":22},"end":{"line":19,"column":50}},"loc":{"start":{"line":19,"column":66},"end":{"line":23,"column":1}},"line":19},"3":{"name":"fetchProductById","decl":{"start":{"line":25,"column":22},"end":{"line":25,"column":38}},"loc":{"start":{"line":25,"column":51},"end":{"line":29,"column":1}},"line":25},"4":{"name":"fetchLimitedAmountOfProductsFilteredByCategory","decl":{"start":{"line":31,"column":22},"end":{"line":31,"column":68}},"loc":{"start":{"line":34,"column":2},"end":{"line":38,"column":1}},"line":34}},"branchMap":{"0":{"loc":{"start":{"line":12,"column":2},"end":{"line":16,"column":3}},"type":"if","locations":[{"start":{"line":12,"column":2},"end":{"line":16,"column":3}},{"start":{"line":14,"column":9},"end":{"line":16,"column":3}}],"line":12}},"s":{"0":0,"1":0,"2":0,"3":0,"4":0,"5":0,"6":0,"7":0,"8":0,"9":0,"10":0,"11":0,"12":0,"13":0,"14":0,"15":0,"16":0},"f":{"0":0,"1":0,"2":0,"3":0,"4":0},"b":{"0":[0,0]}}
,"C:\\Users\\Jhimy\\Documents\\Hybrid Journey React Native\\Challenges\\Comprass\\projeto-comprass_Squad_05_Winx\\src\\util\\apiUsers.ts": {"path":"C:\\Users\\Jhimy\\Documents\\Hybrid Journey React Native\\Challenges\\Comprass\\projeto-comprass_Squad_05_Winx\\src\\util\\apiUsers.ts","statementMap":{"0":{"start":{"line":13,"column":12},"end":{"line":13,"column":52}},"1":{"start":{"line":14,"column":2},"end":{"line":23,"column":25}},"2":{"start":{"line":15,"column":17},"end":{"line":20,"column":5}},"3":{"start":{"line":22,"column":4},"end":{"line":22,"column":32}},"4":{"start":{"line":27,"column":17},"end":{"line":27,"column":56}},"5":{"start":{"line":29,"column":2},"end":{"line":62,"column":25}},"6":{"start":{"line":30,"column":21},"end":{"line":30,"column":46}},"7":{"start":{"line":32,"column":4},"end":{"line":61,"column":5}},"8":{"start":{"line":33,"column":20},"end":{"line":33,"column":33}},"9":{"start":{"line":35,"column":42},"end":{"line":37,"column":8}},"10":{"start":{"line":36,"column":8},"end":{"line":36,"column":78}},"11":{"start":{"line":39,"column":6},"end":{"line":59,"column":7}},"12":{"start":{"line":40,"column":8},"end":{"line":57,"column":9}},"13":{"start":{"line":41,"column":24},"end":{"line":41,"column":68}},"14":{"start":{"line":42,"column":23},"end":{"line":45,"column":11}},"15":{"start":{"line":46,"column":27},"end":{"line":46,"column":58}},"16":{"start":{"line":47,"column":10},"end":{"line":54,"column":11}},"17":{"start":{"line":48,"column":33},"end":{"line":51,"column":13}},"18":{"start":{"line":52,"column":12},"end":{"line":52,"column":32}},"19":{"start":{"line":56,"column":10},"end":{"line":56,"column":23}},"20":{"start":{"line":66,"column":12},"end":{"line":66,"column":64}},"21":{"start":{"line":68,"column":2},"end":{"line":82,"column":3}},"22":{"start":{"line":69,"column":17},"end":{"line":71,"column":5}},"23":{"start":{"line":73,"column":21},"end":{"line":73,"column":48}},"24":{"start":{"line":75,"column":4},"end":{"line":79,"column":5}},"25":{"start":{"line":76,"column":31},"end":{"line":76,"column":56}},"26":{"start":{"line":77,"column":6},"end":{"line":77,"column":30}},"27":{"start":{"line":81,"column":4},"end":{"line":81,"column":16}},"28":{"start":{"line":86,"column":17},"end":{"line":86,"column":56}},"29":{"start":{"line":88,"column":2},"end":{"line":109,"column":25}},"30":{"start":{"line":89,"column":17},"end":{"line":91,"column":5}},"31":{"start":{"line":92,"column":21},"end":{"line":92,"column":46}},"32":{"start":{"line":94,"column":4},"end":{"line":108,"column":5}},"33":{"start":{"line":95,"column":20},"end":{"line":95,"column":33}},"34":{"start":{"line":97,"column":42},"end":{"line":99,"column":8}},"35":{"start":{"line":98,"column":8},"end":{"line":98,"column":42}},"36":{"start":{"line":101,"column":6},"end":{"line":107,"column":7}},"37":{"start":{"line":102,"column":21},"end":{"line":102,"column":94}},"38":{"start":{"line":104,"column":8},"end":{"line":106,"column":31}},"39":{"start":{"line":105,"column":27},"end":{"line":105,"column":56}},"40":{"start":{"line":113,"column":2},"end":{"line":127,"column":16}},"41":{"start":{"line":114,"column":18},"end":{"line":114,"column":69}},"42":{"start":{"line":115,"column":21},"end":{"line":115,"column":45}},"43":{"start":{"line":117,"column":4},"end":{"line":126,"column":5}},"44":{"start":{"line":118,"column":19},"end":{"line":122,"column":7}},"45":{"start":{"line":124,"column":6},"end":{"line":124,"column":18}}},"fnMap":{"0":{"name":"signUp","decl":{"start":{"line":12,"column":22},"end":{"line":12,"column":28}},"loc":{"start":{"line":12,"column":66},"end":{"line":24,"column":1}},"line":12},"1":{"name":"signIn","decl":{"start":{"line":26,"column":22},"end":{"line":26,"column":28}},"loc":{"start":{"line":26,"column":66},"end":{"line":63,"column":1}},"line":26},"2":{"name":"(anonymous_2)","decl":{"start":{"line":35,"column":53},"end":{"line":35,"column":54}},"loc":{"start":{"line":35,"column":68},"end":{"line":37,"column":7}},"line":35},"3":{"name":"checkEmail","decl":{"start":{"line":65,"column":22},"end":{"line":65,"column":32}},"loc":{"start":{"line":65,"column":70},"end":{"line":83,"column":1}},"line":65},"4":{"name":"changePassword","decl":{"start":{"line":85,"column":22},"end":{"line":85,"column":36}},"loc":{"start":{"line":85,"column":74},"end":{"line":110,"column":1}},"line":85},"5":{"name":"(anonymous_5)","decl":{"start":{"line":97,"column":53},"end":{"line":97,"column":54}},"loc":{"start":{"line":97,"column":68},"end":{"line":99,"column":7}},"line":97},"6":{"name":"getSingleUser","decl":{"start":{"line":112,"column":22},"end":{"line":112,"column":35}},"loc":{"start":{"line":112,"column":73},"end":{"line":128,"column":1}},"line":112}},"branchMap":{"0":{"loc":{"start":{"line":32,"column":4},"end":{"line":61,"column":5}},"type":"if","locations":[{"start":{"line":32,"column":4},"end":{"line":61,"column":5}},{"start":{"line":60,"column":11},"end":{"line":61,"column":5}}],"line":32},"1":{"loc":{"start":{"line":36,"column":15},"end":{"line":36,"column":77}},"type":"binary-expr","locations":[{"start":{"line":36,"column":15},"end":{"line":36,"column":41}},{"start":{"line":36,"column":45},"end":{"line":36,"column":77}}],"line":36},"2":{"loc":{"start":{"line":39,"column":6},"end":{"line":59,"column":7}},"type":"if","locations":[{"start":{"line":39,"column":6},"end":{"line":59,"column":7}},{"start":{"line":58,"column":13},"end":{"line":59,"column":7}}],"line":39},"3":{"loc":{"start":{"line":47,"column":10},"end":{"line":54,"column":11}},"type":"if","locations":[{"start":{"line":47,"column":10},"end":{"line":54,"column":11}},{"start":{"line":53,"column":17},"end":{"line":54,"column":11}}],"line":47},"4":{"loc":{"start":{"line":75,"column":4},"end":{"line":79,"column":5}},"type":"if","locations":[{"start":{"line":75,"column":4},"end":{"line":79,"column":5}},{"start":{"line":78,"column":11},"end":{"line":79,"column":5}}],"line":75},"5":{"loc":{"start":{"line":94,"column":4},"end":{"line":108,"column":5}},"type":"if","locations":[{"start":{"line":94,"column":4},"end":{"line":108,"column":5}},{"start":{},"end":{}}],"line":94},"6":{"loc":{"start":{"line":101,"column":6},"end":{"line":107,"column":7}},"type":"if","locations":[{"start":{"line":101,"column":6},"end":{"line":107,"column":7}},{"start":{},"end":{}}],"line":101},"7":{"loc":{"start":{"line":117,"column":4},"end":{"line":126,"column":5}},"type":"if","locations":[{"start":{"line":117,"column":4},"end":{"line":126,"column":5}},{"start":{"line":125,"column":11},"end":{"line":126,"column":5}}],"line":117}},"s":{"0":0,"1":0,"2":0,"3":0,"4":0,"5":0,"6":0,"7":0,"8":0,"9":0,"10":0,"11":0,"12":0,"13":0,"14":0,"15":0,"16":0,"17":0,"18":0,"19":0,"20":0,"21":0,"22":0,"23":0,"24":0,"25":0,"26":0,"27":0,"28":0,"29":0,"30":0,"31":0,"32":0,"33":0,"34":0,"35":0,"36":0,"37":0,"38":0,"39":0,"40":1,"41":1,"42":1,"43":0,"44":0,"45":0},"f":{"0":0,"1":0,"2":0,"3":0,"4":0,"5":0,"6":1},"b":{"0":[0,0],"1":[0,0],"2":[0,0],"3":[0,0],"4":[0,0],"5":[0,0],"6":[0,0],"7":[0,0]},"_coverageSchema":"1a1c01bbd47fc00a2c39e90264f33305004495a9","hash":"d36631f0411f18f78146d22ed2fb71ab294cbbb7"}
}
