TN:
SF:App.tsx
FN:13,App
FN:23,(anonymous_1)
FNF:2
FNH:0
FNDA:0,App
FNDA:0,(anonymous_1)
DA:11,0
DA:14,0
DA:23,0
DA:24,0
DA:25,0
DA:29,0
DA:30,0
DA:33,0
DA:46,0
LF:9
LH:0
BRDA:24,0,0,0
BRDA:24,0,1,0
BRDA:29,1,0,0
BRDA:29,1,1,0
BRF:4
BRH:0
end_of_record
TN:
SF:src\components\AuthProfile\AuthProfile.tsx
FN:20,AuthProfile
FN:32,(anonymous_1)
FN:37,(anonymous_2)
FN:44,(anonymous_3)
FN:51,(anonymous_4)
FN:55,(anonymous_5)
FN:66,(anonymous_6)
FN:102,(anonymous_7)
FN:117,(anonymous_8)
FN:137,(anonymous_9)
FNF:10
FNH:3
FNDA:1,AuthProfile
FNDA:0,(anonymous_1)
FNDA:0,(anonymous_2)
FNDA:0,(anonymous_3)
FNDA:0,(anonymous_4)
FNDA:1,(anonymous_5)
FNDA:1,(anonymous_6)
FNDA:0,(anonymous_7)
FNDA:0,(anonymous_8)
FNDA:0,(anonymous_9)
DA:21,1
DA:22,1
DA:23,1
DA:24,1
DA:25,1
DA:26,1
DA:27,1
DA:28,1
DA:29,1
DA:30,1
DA:32,1
DA:33,0
DA:34,0
DA:37,1
DA:38,0
DA:39,0
DA:40,0
DA:41,0
DA:44,1
DA:45,0
DA:46,0
DA:47,0
DA:48,0
DA:51,1
DA:52,0
DA:55,1
DA:56,1
DA:57,1
DA:58,0
DA:59,0
DA:60,0
DA:62,0
DA:66,1
DA:67,1
DA:70,1
DA:103,0
DA:118,0
DA:138,0
DA:139,0
LF:39
LH:20
BRF:0
BRH:0
end_of_record
TN:
SF:src\components\AuthProfile\style.ts
FNF:0
FNH:0
DA:4,1
LF:1
LH:1
BRF:0
BRH:0
end_of_record
TN:
SF:src\components\Card\Card.tsx
FN:15,Card
FN:18,onPressMinus
FN:22,(anonymous_2)
FN:25,onPressPlus
FN:26,(anonymous_4)
FNF:5
FNH:5
FNDA:4,Card
FNDA:1,onPressMinus
FNDA:1,(anonymous_2)
FNDA:1,onPressPlus
FNDA:1,(anonymous_4)
DA:16,4
DA:19,1
DA:20,0
DA:22,1
DA:26,1
DA:28,4
LF:6
LH:5
BRDA:19,0,0,0
BRDA:19,0,1,1
BRF:2
BRH:1
end_of_record
TN:
SF:src\components\Card\style.ts
FNF:0
FNH:0
DA:4,1
DA:5,1
LF:2
LH:2
BRF:0
BRH:0
end_of_record
TN:
SF:src\components\EndBankSlipPayment\EndBankSlipPayment.tsx
FN:12,EndBankSlipPayment
FNF:1
FNH:1
FNDA:1,EndBankSlipPayment
DA:13,1
LF:1
LH:1
BRF:0
BRH:0
end_of_record
TN:
SF:src\components\EndBankSlipPayment\style.ts
FNF:0
FNH:0
DA:4,1
LF:1
LH:1
BRF:0
BRH:0
end_of_record
TN:
SF:src\components\EndCardPayment\EndCardPayment.tsx
FN:9,EndCardPayment
FNF:1
FNH:1
FNDA:1,EndCardPayment
DA:10,1
LF:1
LH:1
BRF:0
BRH:0
end_of_record
TN:
SF:src\components\EndCardPayment\style.ts
FNF:0
FNH:0
DA:4,1
LF:1
LH:1
BRF:0
BRH:0
end_of_record
TN:
SF:src\components\EndPixPayment\EndPixPayment.tsx
FN:10,EndPixPayment
FNF:1
FNH:1
FNDA:1,EndPixPayment
DA:11,1
LF:1
LH:1
BRF:0
BRH:0
end_of_record
TN:
SF:src\components\EndPixPayment\style.ts
FNF:0
FNH:0
DA:4,1
LF:1
LH:1
BRF:0
BRH:0
end_of_record
TN:
SF:src\components\UnauthProfile\UnauthProfile.tsx
FN:10,UnAuthProfile
FN:17,(anonymous_1)
FN:24,(anonymous_2)
FN:31,(anonymous_3)
FN:66,(anonymous_4)
FN:81,(anonymous_5)
FNF:6
FNH:1
FNDA:1,UnAuthProfile
FNDA:0,(anonymous_1)
FNDA:0,(anonymous_2)
FNDA:0,(anonymous_3)
FNDA:0,(anonymous_4)
FNDA:0,(anonymous_5)
DA:11,1
DA:12,1
DA:13,1
DA:14,1
DA:15,1
DA:17,1
DA:18,0
DA:19,0
DA:20,0
DA:21,0
DA:24,1
DA:25,0
DA:26,0
DA:27,0
DA:28,0
DA:31,1
DA:32,0
DA:35,1
DA:67,0
DA:82,0
LF:20
LH:9
BRF:0
BRH:0
end_of_record
TN:
SF:src\components\UnauthProfile\style.ts
FNF:0
FNH:0
DA:4,1
LF:1
LH:1
BRF:0
BRH:0
end_of_record
TN:
SF:src\components\home-screen\HomeHeader\HomeHeader.tsx
FN:7,HomeHeader
FNF:1
FNH:0
FNDA:0,HomeHeader
DA:8,0
LF:1
LH:0
BRF:0
BRH:0
end_of_record
TN:
SF:src\components\home-screen\HomeHeader\style.ts
FNF:0
FNH:0
DA:4,0
LF:1
LH:0
BRF:0
BRH:0
end_of_record
TN:
SF:src\components\home-screen\HomeProfileHeader\HomeProfileHeader.tsx
FN:10,HomeProfileHeader
FNF:1
FNH:0
FNDA:0,HomeProfileHeader
DA:11,0
LF:1
LH:0
BRF:0
BRH:0
end_of_record
TN:
SF:src\components\home-screen\HomeProfileHeader\style.ts
FNF:0
FNH:0
DA:4,0
LF:1
LH:0
BRF:0
BRH:0
end_of_record
TN:
SF:src\components\home-screen\HomeSection\HomeSection.tsx
FN:24,HomeSection
FN:30,getProductsFilteredByCategory
FN:41,(anonymous_2)
FN:59,(anonymous_3)
FN:60,(anonymous_4)
FNF:5
FNH:0
FNDA:0,HomeSection
FNDA:0,getProductsFilteredByCategory
FNDA:0,(anonymous_2)
FNDA:0,(anonymous_3)
FNDA:0,(anonymous_4)
DA:25,0
DA:27,0
DA:28,0
DA:31,0
DA:32,0
DA:33,0
DA:34,0
DA:35,0
DA:37,0
DA:41,0
DA:42,0
DA:43,0
DA:46,0
DA:59,0
DA:61,0
LF:15
LH:0
BRDA:52,0,0,0
BRDA:52,0,1,0
BRDA:53,1,0,0
BRDA:53,1,1,0
BRDA:53,1,2,0
BRDA:72,2,0,0
BRDA:72,2,1,0
BRDA:72,2,2,0
BRF:8
BRH:0
end_of_record
TN:
SF:src\components\home-screen\HomeSection\style.ts
FNF:0
FNH:0
DA:4,0
LF:1
LH:0
BRF:0
BRH:0
end_of_record
TN:
SF:src\components\home-screen\ProductCard\ProductCard.tsx
FN:18,ProductCard
FN:22,onMinusPress
FN:30,(anonymous_2)
FN:33,onPlusPress
FN:43,(anonymous_4)
FN:46,numberToTwoDecimalPlacesString
FN:50,(anonymous_6)
FN:69,(anonymous_7)
FNF:8
FNH:0
FNDA:0,ProductCard
FNDA:0,onMinusPress
FNDA:0,(anonymous_2)
FNDA:0,onPlusPress
FNDA:0,(anonymous_4)
FNDA:0,numberToTwoDecimalPlacesString
FNDA:0,(anonymous_6)
FNDA:0,(anonymous_7)
DA:19,0
DA:20,0
DA:23,0
DA:24,0
DA:25,0
DA:26,0
DA:28,0
DA:30,0
DA:34,0
DA:35,0
DA:41,0
DA:43,0
DA:47,0
DA:50,0
DA:51,0
DA:54,0
DA:69,0
LF:17
LH:0
BRDA:23,0,0,0
BRDA:23,0,1,0
BRDA:25,1,0,0
BRDA:25,1,1,0
BRDA:34,2,0,0
BRDA:34,2,1,0
BRF:6
BRH:0
end_of_record
TN:
SF:src\components\home-screen\ProductCard\style.ts
FNF:0
FNH:0
DA:4,0
LF:1
LH:0
BRF:0
BRH:0
end_of_record
TN:
SF:src\components\home-screen\SearchButton\SearchButton.tsx
FN:29,SearchButton
FN:36,getProductsByTitle
FN:48,(anonymous_2)
FN:58,(anonymous_3)
FN:64,handlePress
FN:65,(anonymous_5)
FN:92,(anonymous_6)
FN:93,(anonymous_7)
FNF:8
FNH:0
FNDA:0,SearchButton
FNDA:0,getProductsByTitle
FNDA:0,(anonymous_2)
FNDA:0,(anonymous_3)
FNDA:0,handlePress
FNDA:0,(anonymous_5)
FNDA:0,(anonymous_6)
FNDA:0,(anonymous_7)
DA:30,0
DA:31,0
DA:32,0
DA:33,0
DA:34,0
DA:37,0
DA:38,0
DA:39,0
DA:40,0
DA:42,0
DA:44,0
DA:48,0
DA:49,0
DA:50,0
DA:51,0
DA:53,0
DA:54,0
DA:58,0
DA:59,0
DA:60,0
DA:65,0
DA:66,0
DA:69,0
DA:92,0
DA:94,0
LF:25
LH:0
BRDA:49,0,0,0
BRDA:49,0,1,0
BRDA:59,1,0,0
BRDA:59,1,1,0
BRDA:72,2,0,0
BRDA:72,2,1,0
BRDA:83,3,0,0
BRDA:83,3,1,0
BRDA:83,3,2,0
BRDA:83,3,3,0
BRDA:88,4,0,0
BRDA:88,4,1,0
BRDA:88,4,2,0
BRDA:88,4,3,0
BRDA:108,5,0,0
BRDA:108,5,1,0
BRDA:108,5,2,0
BRDA:108,5,3,0
BRF:18
BRH:0
end_of_record
TN:
SF:src\components\home-screen\SearchButton\style.ts
FNF:0
FNH:0
DA:5,0
DA:7,0
LF:2
LH:0
BRF:0
BRH:0
end_of_record
TN:
SF:src\components\home-screen\SearchButtonProductCard\SearchButtonProductCard.tsx
FN:16,SearchButtonProductCard
FN:19,numberToTwoDecimalPlacesString
FN:25,(anonymous_2)
FNF:3
FNH:0
FNDA:0,SearchButtonProductCard
FNDA:0,numberToTwoDecimalPlacesString
FNDA:0,(anonymous_2)
DA:20,0
DA:23,0
DA:25,0
LF:3
LH:0
BRDA:28,0,0,0
BRDA:28,0,1,0
BRDA:28,0,2,0
BRDA:29,1,0,0
BRDA:29,1,1,0
BRDA:29,1,2,0
BRF:6
BRH:0
end_of_record
TN:
SF:src\components\home-screen\SearchButtonProductCard\style.ts
FNF:0
FNH:0
DA:4,0
DA:6,0
LF:2
LH:0
BRF:0
BRH:0
end_of_record
TN:
SF:src\components\product-details\Accordion\Accordion.tsx
FN:25,Accordion
FN:29,toggleItem
FNF:2
FNH:0
FNDA:0,Accordion
FNDA:0,toggleItem
DA:16,0
DA:17,0
DA:26,0
DA:27,0
DA:30,0
DA:35,0
DA:36,0
DA:37,0
DA:40,0
DA:46,0
DA:51,0
LF:11
LH:0
BRDA:16,0,0,0
BRDA:16,0,1,0
BRDA:32,1,0,0
BRDA:32,1,1,0
BRDA:59,2,0,0
BRDA:59,2,1,0
BRF:6
BRH:0
end_of_record
TN:
SF:src\components\product-details\Accordion\style.ts
FNF:0
FNH:0
DA:4,0
LF:1
LH:0
BRF:0
BRH:0
end_of_record
TN:
SF:src\components\product-details\AmountControler\AmountControler.tsx
FN:16,AmountControler
FN:21,(anonymous_1)
FN:25,onMinusPress
FN:33,(anonymous_3)
FN:36,onPlusPress
FN:50,(anonymous_5)
FNF:6
FNH:0
FNDA:0,AmountControler
FNDA:0,(anonymous_1)
FNDA:0,onMinusPress
FNDA:0,(anonymous_3)
FNDA:0,onPlusPress
FNDA:0,(anonymous_5)
DA:17,0
DA:19,0
DA:21,0
DA:22,0
DA:26,0
DA:27,0
DA:28,0
DA:29,0
DA:31,0
DA:33,0
DA:37,0
DA:42,0
DA:48,0
DA:50,0
DA:53,0
LF:15
LH:0
BRDA:26,0,0,0
BRDA:26,0,1,0
BRDA:28,1,0,0
BRDA:28,1,1,0
BRDA:37,2,0,0
BRDA:37,2,1,0
BRDA:38,3,0,0
BRDA:38,3,1,0
BRDA:38,3,2,0
BRF:9
BRH:0
end_of_record
TN:
SF:src\components\product-details\AmountControler\style.ts
FNF:0
FNH:0
DA:4,0
LF:1
LH:0
BRF:0
BRH:0
end_of_record
TN:
SF:src\components\product-details\ProductDetailsHeader\ProductDetailsHeader.tsx
FN:11,ProductDetailsHeader
FNF:1
FNH:0
FNDA:0,ProductDetailsHeader
DA:12,0
LF:1
LH:0
BRDA:16,0,0,0
BRDA:16,0,1,0
BRF:2
BRH:0
end_of_record
TN:
SF:src\components\product-details\ProductDetailsHeader\style.ts
FNF:0
FNH:0
DA:4,0
LF:1
LH:0
BRF:0
BRH:0
end_of_record
TN:
SF:src\components\product-details\ProductInfos\ProductInfos.tsx
FN:28,ProductInfos
FN:33,carouselScrollEndHandler
FN:40,decimalToTwoDecimalPlacesString
FN:53,(anonymous_3)
FN:54,(anonymous_4)
FNF:5
FNH:0
FNDA:0,ProductInfos
FNDA:0,carouselScrollEndHandler
FNDA:0,decimalToTwoDecimalPlacesString
FNDA:0,(anonymous_3)
FNDA:0,(anonymous_4)
DA:14,0
DA:29,0
DA:31,0
DA:36,0
DA:37,0
DA:41,0
DA:44,0
DA:53,0
DA:55,0
LF:9
LH:0
BRDA:61,0,0,0
BRDA:61,0,1,0
BRDA:77,1,0,0
BRDA:77,1,1,0
BRF:4
BRH:0
end_of_record
TN:
SF:src\components\product-details\ProductInfos\style.ts
FNF:0
FNH:0
DA:4,0
DA:6,0
LF:2
LH:0
BRF:0
BRH:0
end_of_record
TN:
SF:src\components\product-details\RelatedItems\RelatedItems.tsx
FN:25,RelatedItems
FN:30,getLimitedAmountOfProductsFilteredByCategory
FN:45,(anonymous_2)
FN:51,decimalToTwoDecimalPlacesString
FN:63,RenderItem
FN:73,(anonymous_5)
FN:98,(anonymous_6)
FN:99,(anonymous_7)
FNF:8
FNH:0
FNDA:0,RelatedItems
FNDA:0,getLimitedAmountOfProductsFilteredByCategory
FNDA:0,(anonymous_2)
FNDA:0,decimalToTwoDecimalPlacesString
FNDA:0,RenderItem
FNDA:0,(anonymous_5)
FNDA:0,(anonymous_6)
FNDA:0,(anonymous_7)
DA:26,0
DA:28,0
DA:33,0
DA:34,0
DA:38,0
DA:41,0
DA:45,0
DA:46,0
DA:47,0
DA:52,0
DA:70,0
DA:73,0
DA:85,0
DA:98,0
DA:100,0
LF:15
LH:0
BRDA:46,0,0,0
BRDA:46,0,1,0
BRF:2
BRH:0
end_of_record
TN:
SF:src\components\product-details\RelatedItems\style.ts
FNF:0
FNH:0
DA:4,0
LF:1
LH:0
BRF:0
BRH:0
end_of_record
TN:
SF:src\components\shared\BackButton\BackButton.tsx
FN:12,(anonymous_0)
FNF:1
FNH:1
FNDA:1,(anonymous_0)
DA:13,1
LF:1
LH:1
BRDA:23,0,0,1
BRDA:23,0,1,0
BRF:2
BRH:1
end_of_record
TN:
SF:src\components\shared\BackButton\style.ts
FNF:0
FNH:0
DA:3,1
LF:1
LH:1
BRF:0
BRH:0
end_of_record
TN:
SF:src\components\shared\Button\Button.tsx
FN:13,Button
FNF:1
FNH:1
FNDA:4,Button
DA:14,4
LF:1
LH:1
BRDA:20,0,0,4
BRDA:20,0,1,2
BRDA:25,1,0,4
BRDA:25,1,1,4
BRF:4
BRH:4
end_of_record
TN:
SF:src\components\shared\Button\style.ts
FNF:0
FNH:0
DA:4,3
LF:1
LH:1
BRF:0
BRH:0
end_of_record
TN:
SF:src\components\shared\ErrorMessage\ErrorMessage.tsx
FN:7,(anonymous_0)
FNF:1
FNH:1
FNDA:1,(anonymous_0)
DA:8,1
LF:1
LH:1
BRF:0
BRH:0
end_of_record
TN:
SF:src\components\shared\ErrorMessage\style.ts
FNF:0
FNH:0
DA:4,1
LF:1
LH:1
BRF:0
BRH:0
end_of_record
TN:
SF:src\components\shared\Input\Input.tsx
FN:30,AuthInput
FN:35,(anonymous_1)
FN:39,(anonymous_2)
FN:43,(anonymous_3)
FN:48,(anonymous_4)
FN:91,(anonymous_5)
FNF:6
FNH:2
FNDA:11,AuthInput
FNDA:0,(anonymous_1)
FNDA:0,(anonymous_2)
FNDA:0,(anonymous_3)
FNDA:6,(anonymous_4)
FNDA:0,(anonymous_5)
DA:31,11
DA:32,11
DA:33,11
DA:35,11
DA:36,0
DA:39,11
DA:40,0
DA:43,11
DA:44,0
DA:45,0
DA:48,11
DA:49,6
DA:50,0
DA:54,11
DA:92,0
DA:93,0
DA:94,0
LF:17
LH:9
BRDA:44,0,0,0
BRDA:44,0,1,0
BRDA:49,1,0,0
BRDA:49,1,1,6
BRDA:60,2,0,11
BRDA:60,2,1,9
BRDA:61,3,0,0
BRDA:61,3,1,11
BRDA:67,4,0,8
BRDA:67,4,1,3
BRDA:69,5,0,0
BRDA:69,5,1,8
BRDA:69,6,0,8
BRDA:69,6,1,8
BRDA:69,6,2,8
BRDA:71,7,0,0
BRDA:71,7,1,8
BRDA:71,8,0,8
BRDA:71,8,1,8
BRDA:71,8,2,8
BRDA:75,9,0,0
BRDA:75,9,1,3
BRDA:75,10,0,3
BRDA:75,10,1,3
BRDA:76,11,0,0
BRDA:76,11,1,3
BRDA:76,12,0,3
BRDA:76,12,1,3
BRDA:88,13,0,11
BRDA:88,13,1,0
BRDA:93,14,0,0
BRDA:93,14,1,0
BRDA:100,15,0,0
BRDA:100,15,1,11
BRDA:100,16,0,11
BRDA:100,16,1,0
BRDA:102,17,0,0
BRDA:102,17,1,0
BRDA:120,18,0,0
BRDA:120,18,1,11
BRDA:127,19,0,11
BRDA:127,19,1,0
BRDA:128,20,0,0
BRDA:128,20,1,0
BRDA:136,21,0,0
BRDA:136,21,1,0
BRF:46
BRH:25
end_of_record
TN:
SF:src\components\shared\Input\style.ts
FNF:0
FNH:0
DA:4,2
LF:1
LH:1
BRF:0
BRH:0
end_of_record
TN:
SF:src\components\shared\Tittle\Tittle.tsx
FN:11,Tittle
FNF:1
FNH:1
FNDA:6,Tittle
DA:12,6
LF:1
LH:1
BRDA:14,0,0,0
BRDA:14,0,1,6
BRF:2
BRH:1
end_of_record
TN:
SF:src\components\shared\Tittle\style.ts
FNF:0
FNH:0
DA:3,6
LF:1
LH:1
BRF:0
BRH:0
end_of_record
TN:
SF:src\contexts\authJWTContext.tsx
FN:20,TokenProvider
FN:25,receiveToken
FN:32,deleteToken
FN:37,getId
FNF:4
FNH:0
FNDA:0,TokenProvider
FNDA:0,receiveToken
FNDA:0,deleteToken
FNDA:0,getId
DA:12,1
DA:21,0
DA:22,0
DA:23,0
DA:26,0
DA:27,0
DA:28,0
DA:33,0
DA:34,0
DA:38,0
DA:41,0
DA:50,0
LF:12
LH:1
BRDA:27,0,0,0
BRDA:27,0,1,0
BRDA:27,1,0,0
BRDA:27,1,1,0
BRF:4
BRH:0
end_of_record
TN:
SF:src\contexts\cartContext.tsx
FN:30,CartContextProvider
FN:37,addNewItem
FN:48,addOneToExistingItem
FN:50,(anonymous_3)
FN:60,removeOneFromExistingItem
FN:62,(anonymous_5)
FN:72,deleteItem
FN:73,(anonymous_7)
FN:76,calculateTotalPrice
FN:78,(anonymous_9)
FN:83,populateItensIdInCart
FN:84,(anonymous_11)
FN:89,getItemAmount
FN:91,(anonymous_13)
FN:99,(anonymous_14)
FNF:15
FNH:0
FNDA:0,CartContextProvider
FNDA:0,addNewItem
FNDA:0,addOneToExistingItem
FNDA:0,(anonymous_3)
FNDA:0,removeOneFromExistingItem
FNDA:0,(anonymous_5)
FNDA:0,deleteItem
FNDA:0,(anonymous_7)
FNDA:0,calculateTotalPrice
FNDA:0,(anonymous_9)
FNDA:0,populateItensIdInCart
FNDA:0,(anonymous_11)
FNDA:0,getItemAmount
FNDA:0,(anonymous_13)
FNDA:0,(anonymous_14)
DA:28,0
DA:31,0
DA:32,0
DA:33,0
DA:35,0
DA:38,0
DA:45,0
DA:49,0
DA:51,0
DA:52,0
DA:53,0
DA:55,0
DA:61,0
DA:63,0
DA:64,0
DA:65,0
DA:67,0
DA:73,0
DA:77,0
DA:78,0
DA:79,0
DA:84,0
DA:85,0
DA:90,0
DA:91,0
DA:92,0
DA:93,0
DA:96,0
DA:99,0
DA:100,0
DA:101,0
DA:104,0
DA:115,0
LF:33
LH:0
BRDA:51,0,0,0
BRDA:51,0,1,0
BRDA:63,1,0,0
BRDA:63,1,1,0
BRDA:63,2,0,0
BRDA:63,2,1,0
BRDA:92,3,0,0
BRDA:92,3,1,0
BRF:8
BRH:0
end_of_record
TN:
SF:src\routes\BottomTabRoutes.tsx
FN:19,BottomTabRoutes
FN:24,(anonymous_1)
FN:45,(anonymous_2)
FN:75,(anonymous_3)
FN:99,(anonymous_4)
FNF:5
FNH:0
FNDA:0,BottomTabRoutes
FNDA:0,(anonymous_1)
FNDA:0,(anonymous_2)
FNDA:0,(anonymous_3)
FNDA:0,(anonymous_4)
DA:15,0
DA:17,0
DA:20,0
DA:22,0
DA:24,0
DA:25,0
DA:26,0
DA:29,0
DA:46,0
DA:76,0
DA:100,0
LF:11
LH:0
BRDA:25,0,0,0
BRDA:25,0,1,0
BRDA:46,1,0,0
BRDA:46,1,1,0
BRDA:66,2,0,0
BRDA:66,2,1,0
BRDA:76,3,0,0
BRDA:76,3,1,0
BRDA:100,4,0,0
BRDA:100,4,1,0
BRF:10
BRH:0
end_of_record
TN:
SF:src\routes\CartRoutes.tsx
FN:7,CartRoutes
FNF:1
FNH:0
FNDA:0,CartRoutes
DA:5,0
DA:8,0
LF:2
LH:0
BRF:0
BRH:0
end_of_record
TN:
SF:src\routes\HomeRoutes.tsx
FN:7,HomeRoutes
FNF:1
FNH:0
FNDA:0,HomeRoutes
DA:5,0
DA:8,0
LF:2
LH:0
BRF:0
BRH:0
end_of_record
TN:
SF:src\routes\InitialRoutes.tsx
FN:8,InitialRoutes
FNF:1
FNH:0
FNDA:0,InitialRoutes
DA:6,0
DA:9,0
LF:2
LH:0
BRF:0
BRH:0
end_of_record
TN:
SF:src\routes\checkout-routes\AuthCheckoutRoutes.tsx
FN:9,AuthCheckoutRoutes
FNF:1
FNH:0
FNDA:0,AuthCheckoutRoutes
DA:7,0
DA:10,0
LF:2
LH:0
BRF:0
BRH:0
end_of_record
TN:
SF:src\routes\checkout-routes\NonAuthCheckoutRoutes.tsx
FN:10,NonAuthCheckoutRoutes
FNF:1
FNH:0
FNDA:0,NonAuthCheckoutRoutes
DA:8,0
DA:11,0
DA:12,0
LF:3
LH:0
BRDA:18,0,0,0
BRDA:18,0,1,0
BRF:2
BRH:0
end_of_record
TN:
SF:src\routes\checkout-routes\VerifyAuthForCheckout.tsx
FN:7,VerifyAuthForCheckout
FN:12,(anonymous_1)
FN:19,(anonymous_2)
FNF:3
FNH:0
FNDA:0,VerifyAuthForCheckout
FNDA:0,(anonymous_1)
FNDA:0,(anonymous_2)
DA:8,0
DA:10,0
DA:12,0
DA:13,0
DA:14,0
DA:15,0
DA:19,0
DA:20,0
DA:22,0
DA:24,0
LF:10
LH:0
BRDA:14,0,0,0
BRDA:14,0,1,0
BRDA:26,1,0,0
BRDA:26,1,1,0
BRDA:27,2,0,0
BRDA:27,2,1,0
BRF:6
BRH:0
end_of_record
TN:
SF:src\screens\AddShippingAddress\AddShippingAddress.tsx
FN:27,AddShippingAddress
FN:44,onChangePostalCode
FN:76,(anonymous_2)
FN:80,(anonymous_3)
FN:98,(anonymous_4)
FN:120,(anonymous_5)
FN:129,(anonymous_6)
FN:138,(anonymous_7)
FN:147,(anonymous_8)
FN:156,(anonymous_9)
FNF:10
FNH:4
FNDA:2,AddShippingAddress
FNDA:1,onChangePostalCode
FNDA:1,(anonymous_2)
FNDA:1,(anonymous_3)
FNDA:0,(anonymous_4)
FNDA:0,(anonymous_5)
FNDA:0,(anonymous_6)
FNDA:0,(anonymous_7)
FNDA:0,(anonymous_8)
FNDA:0,(anonymous_9)
DA:30,2
DA:31,2
DA:32,2
DA:33,2
DA:34,2
DA:35,2
DA:36,2
DA:37,2
DA:38,2
DA:41,2
DA:42,2
DA:45,1
DA:46,0
DA:47,0
DA:48,0
DA:49,0
DA:50,0
DA:51,0
DA:52,0
DA:53,0
DA:54,0
DA:55,0
DA:56,0
DA:57,0
DA:59,0
DA:62,1
DA:63,0
DA:64,0
DA:65,0
DA:66,0
DA:67,0
DA:68,0
DA:69,0
DA:71,0
DA:72,0
DA:76,2
DA:77,1
DA:80,2
DA:81,1
DA:90,2
DA:99,0
DA:100,0
DA:120,0
DA:129,0
DA:138,0
DA:147,0
DA:157,0
LF:47
LH:18
BRDA:45,0,0,0
BRDA:45,0,1,1
BRDA:50,1,0,0
BRDA:50,1,1,0
BRDA:62,2,0,0
BRDA:62,2,1,1
BRDA:63,3,0,0
BRDA:63,3,1,0
BRDA:99,4,0,0
BRDA:99,4,1,0
BRDA:111,5,0,2
BRDA:111,5,1,2
BRDA:111,5,2,0
BRDA:160,6,0,2
BRDA:160,6,1,2
BRF:15
BRH:6
end_of_record
TN:
SF:src\screens\AddShippingAddress\style.ts
FNF:0
FNH:0
DA:4,1
LF:1
LH:1
BRF:0
BRH:0
end_of_record
TN:
SF:src\screens\Cart\Cart.tsx
FN:17,Cart
FN:32,(anonymous_1)
FNF:2
FNH:0
FNDA:0,Cart
FNDA:0,(anonymous_1)
DA:18,0
DA:19,0
DA:20,0
DA:33,0
LF:4
LH:0
BRF:0
BRH:0
end_of_record
TN:
SF:src\screens\Cart\style.ts
FNF:0
FNH:0
DA:3,0
LF:1
LH:0
BRF:0
BRH:0
end_of_record
TN:
SF:src\screens\ForgotPassword\ForgotPassword.tsx
FN:43,ForgotPassword
FN:63,(anonymous_1)
FN:68,(anonymous_2)
FN:85,(anonymous_3)
FN:95,(anonymous_4)
FN:105,(anonymous_5)
FN:111,(anonymous_6)
FN:145,(anonymous_7)
FN:162,(anonymous_8)
FN:167,(anonymous_9)
FN:180,(anonymous_10)
FN:185,(anonymous_11)
FN:215,(anonymous_12)
FNF:13
FNH:0
FNDA:0,ForgotPassword
FNDA:0,(anonymous_1)
FNDA:0,(anonymous_2)
FNDA:0,(anonymous_3)
FNDA:0,(anonymous_4)
FNDA:0,(anonymous_5)
FNDA:0,(anonymous_6)
FNDA:0,(anonymous_7)
FNDA:0,(anonymous_8)
FNDA:0,(anonymous_9)
FNDA:0,(anonymous_10)
FNDA:0,(anonymous_11)
FNDA:0,(anonymous_12)
DA:16,0
DA:44,0
DA:45,0
DA:47,0
DA:48,0
DA:49,0
DA:50,0
DA:51,0
DA:52,0
DA:53,0
DA:58,0
DA:61,0
DA:63,0
DA:64,0
DA:68,0
DA:69,0
DA:70,0
DA:71,0
DA:72,0
DA:73,0
DA:74,0
DA:76,0
DA:77,0
DA:81,0
DA:85,0
DA:86,0
DA:87,0
DA:88,0
DA:91,0
DA:95,0
DA:96,0
DA:97,0
DA:101,0
DA:105,0
DA:106,0
DA:107,0
DA:111,0
DA:112,0
DA:113,0
DA:117,0
DA:146,0
DA:147,0
DA:148,0
DA:163,0
DA:168,0
DA:169,0
DA:181,0
DA:186,0
DA:187,0
DA:216,0
LF:50
LH:0
BRDA:64,0,0,0
BRDA:64,0,1,0
BRDA:72,1,0,0
BRDA:72,1,1,0
BRDA:96,2,0,0
BRDA:96,2,1,0
BRDA:106,3,0,0
BRDA:106,3,1,0
BRDA:106,4,0,0
BRDA:106,4,1,0
BRDA:112,5,0,0
BRDA:112,5,1,0
BRDA:140,6,0,0
BRDA:140,6,1,0
BRDA:172,7,0,0
BRDA:172,7,1,0
BRDA:172,8,0,0
BRDA:172,8,1,0
BRDA:173,9,0,0
BRDA:173,9,1,0
BRDA:190,10,0,0
BRDA:190,10,1,0
BRDA:190,11,0,0
BRDA:190,11,1,0
BRDA:191,12,0,0
BRDA:191,12,1,0
BRDA:196,13,0,0
BRDA:196,13,1,0
BRDA:196,13,2,0
BRDA:198,14,0,0
BRDA:198,14,1,0
BRDA:203,15,0,0
BRDA:203,15,1,0
BRDA:206,16,0,0
BRDA:206,16,1,0
BRDA:218,17,0,0
BRDA:218,17,1,0
BRDA:222,18,0,0
BRDA:222,18,1,0
BRDA:225,19,0,0
BRDA:225,19,1,0
BRDA:235,20,0,0
BRDA:235,20,1,0
BRDA:235,21,0,0
BRDA:235,21,1,0
BRF:45
BRH:0
end_of_record
TN:
SF:src\screens\ForgotPassword\style.ts
FNF:0
FNH:0
DA:4,0
LF:1
LH:0
BRF:0
BRH:0
end_of_record
TN:
SF:src\screens\Home\Home.tsx
FN:30,Home
FN:41,getCategories
FN:52,(anonymous_2)
FN:62,(anonymous_3)
FN:68,(anonymous_4)
FN:76,onCardPress
FN:106,(anonymous_6)
FN:107,(anonymous_7)
FNF:8
FNH:0
FNDA:0,Home
FNDA:0,getCategories
FNDA:0,(anonymous_2)
FNDA:0,(anonymous_3)
FNDA:0,(anonymous_4)
FNDA:0,onCardPress
FNDA:0,(anonymous_6)
FNDA:0,(anonymous_7)
DA:31,0
DA:32,0
DA:33,0
DA:34,0
DA:35,0
DA:36,0
DA:37,0
DA:39,0
DA:42,0
DA:43,0
DA:44,0
DA:45,0
DA:46,0
DA:48,0
DA:52,0
DA:53,0
DA:54,0
DA:55,0
DA:56,0
DA:58,0
DA:62,0
DA:63,0
DA:64,0
DA:65,0
DA:68,0
DA:69,0
DA:70,0
DA:72,0
DA:77,0
DA:83,0
DA:84,0
DA:87,0
DA:106,0
DA:108,0
LF:34
LH:0
BRDA:69,0,0,0
BRDA:69,0,1,0
BRDA:83,1,0,0
BRDA:83,1,1,0
BRDA:89,2,0,0
BRDA:89,2,1,0
BRDA:89,2,2,0
BRDA:92,3,0,0
BRDA:92,3,1,0
BRDA:108,4,0,0
BRDA:108,4,1,0
BRDA:121,5,0,0
BRDA:121,5,1,0
BRDA:121,5,2,0
BRF:14
BRH:0
end_of_record
TN:
SF:src\screens\Home\style.ts
FNF:0
FNH:0
DA:4,0
LF:1
LH:0
BRF:0
BRH:0
end_of_record
TN:
SF:src\screens\LoggedCheckout\LoggedCheckout.tsx
FN:29,LoggedCheckout
FN:54,(anonymous_1)
FN:76,(anonymous_2)
FN:77,(anonymous_3)
FN:85,(anonymous_4)
FNF:5
FNH:0
FNDA:0,LoggedCheckout
FNDA:0,(anonymous_1)
FNDA:0,(anonymous_2)
FNDA:0,(anonymous_3)
FNDA:0,(anonymous_4)
DA:28,0
DA:33,0
DA:35,0
DA:42,0
DA:55,0
DA:76,0
DA:78,0
DA:86,0
LF:8
LH:0
BRF:0
BRH:0
end_of_record
TN:
SF:src\screens\LoggedCheckout\style.ts
FNF:0
FNH:0
DA:4,0
LF:1
LH:0
BRF:0
BRH:0
end_of_record
TN:
SF:src\screens\Login\Login.tsx
FN:36,Login
FN:48,(anonymous_1)
FN:52,(anonymous_2)
FN:83,(anonymous_3)
FN:99,(anonymous_4)
FN:132,(anonymous_5)
FN:144,(anonymous_6)
FN:153,(anonymous_7)
FN:160,(anonymous_8)
FNF:9
FNH:0
FNDA:0,Login
FNDA:0,(anonymous_1)
FNDA:0,(anonymous_2)
FNDA:0,(anonymous_3)
FNDA:0,(anonymous_4)
FNDA:0,(anonymous_5)
FNDA:0,(anonymous_6)
FNDA:0,(anonymous_7)
FNDA:0,(anonymous_8)
DA:15,0
DA:37,0
DA:38,0
DA:39,0
DA:44,0
DA:48,0
DA:49,0
DA:52,0
DA:53,0
DA:54,0
DA:55,0
DA:56,0
DA:57,0
DA:58,0
DA:59,0
DA:60,0
DA:64,0
DA:68,0
DA:84,0
DA:100,0
DA:133,0
DA:134,0
DA:136,0
DA:137,0
DA:138,0
DA:145,0
DA:154,0
DA:161,0
LF:28
LH:0
BRDA:59,0,0,0
BRDA:59,0,1,0
BRDA:91,1,0,0
BRDA:91,1,1,0
BRDA:107,2,0,0
BRDA:107,2,1,0
BRDA:111,3,0,0
BRDA:111,3,1,0
BRDA:111,3,2,0
BRDA:113,4,0,0
BRDA:113,4,1,0
BRDA:118,5,0,0
BRDA:118,5,1,0
BRDA:122,6,0,0
BRDA:122,6,1,0
BRDA:133,7,0,0
BRDA:133,7,1,0
BRDA:133,8,0,0
BRDA:133,8,1,0
BRDA:137,9,0,0
BRDA:137,9,1,0
BRF:21
BRH:0
end_of_record
TN:
SF:src\screens\Login\style.ts
FNF:0
FNH:0
DA:4,0
LF:1
LH:0
BRF:0
BRH:0
end_of_record
TN:
SF:src\screens\NotLoggedCheckout\NotLoggedCheckout.tsx
FN:19,NotLoggedCheckout
FN:35,(anonymous_1)
FNF:2
FNH:0
FNDA:0,NotLoggedCheckout
FNDA:0,(anonymous_1)
DA:20,0
DA:36,0
LF:2
LH:0
BRF:0
BRH:0
end_of_record
TN:
SF:src\screens\NotLoggedCheckout\style.ts
FNF:0
FNH:0
DA:4,0
LF:1
LH:0
BRF:0
BRH:0
end_of_record
TN:
SF:src\screens\ProductDetails\ProductDetails.tsx
FN:40,ProductDetails
FN:50,onBackPress
FN:54,getProductDetails
FN:65,(anonymous_3)
FN:102,(anonymous_4)
FN:136,(anonymous_5)
FNF:6
FNH:0
FNDA:0,ProductDetails
FNDA:0,onBackPress
FNDA:0,getProductDetails
FNDA:0,(anonymous_3)
FNDA:0,(anonymous_4)
FNDA:0,(anonymous_5)
DA:44,0
DA:46,0
DA:47,0
DA:48,0
DA:51,0
DA:55,0
DA:56,0
DA:57,0
DA:58,0
DA:59,0
DA:61,0
DA:65,0
DA:66,0
DA:67,0
DA:70,0
DA:71,0
DA:78,0
DA:86,0
DA:91,0
DA:96,0
DA:97,0
DA:102,0
DA:108,0
DA:109,0
LF:24
LH:0
BRDA:70,0,0,0
BRDA:70,0,1,0
BRDA:96,1,0,0
BRDA:96,1,1,0
BRDA:96,2,0,0
BRDA:96,2,1,0
BRDA:108,3,0,0
BRDA:108,3,1,0
BRDA:108,4,0,0
BRDA:108,4,1,0
BRF:10
BRH:0
end_of_record
TN:
SF:src\screens\ProductDetails\style.ts
FNF:0
FNH:0
DA:3,0
LF:1
LH:0
BRF:0
BRH:0
end_of_record
TN:
SF:src\screens\Profile\Profile.tsx
FN:23,Profile
FN:27,(anonymous_1)
FN:35,(anonymous_2)
FNF:3
FNH:0
FNDA:0,Profile
FNDA:0,(anonymous_1)
FNDA:0,(anonymous_2)
DA:24,0
DA:25,0
DA:27,0
DA:28,0
DA:29,0
DA:31,0
DA:35,0
DA:36,0
DA:39,0
LF:9
LH:0
BRDA:28,0,0,0
BRDA:28,0,1,0
BRDA:41,1,0,0
BRDA:41,1,1,0
BRF:4
BRH:0
end_of_record
TN:
SF:src\screens\Profile\style.ts
FNF:0
FNH:0
DA:4,0
LF:1
LH:0
BRF:0
BRH:0
end_of_record
TN:
SF:src\screens\SignUp\SignUp.tsx
FN:47,SignUp
FN:60,(anonymous_1)
FN:70,(anonymous_2)
FN:81,(anonymous_3)
FN:94,(anonymous_4)
FN:126,(anonymous_5)
FN:141,(anonymous_6)
FN:156,(anonymous_7)
FN:171,(anonymous_8)
FNF:9
FNH:0
FNDA:0,SignUp
FNDA:0,(anonymous_1)
FNDA:0,(anonymous_2)
FNDA:0,(anonymous_3)
FNDA:0,(anonymous_4)
FNDA:0,(anonymous_5)
FNDA:0,(anonymous_6)
FNDA:0,(anonymous_7)
FNDA:0,(anonymous_8)
DA:15,0
DA:48,0
DA:50,0
DA:56,0
DA:60,0
DA:61,0
DA:62,0
DA:66,0
DA:70,0
DA:71,0
DA:72,0
DA:73,0
DA:74,0
DA:77,0
DA:81,0
DA:82,0
DA:90,0
DA:94,0
DA:95,0
DA:96,0
DA:100,0
DA:127,0
DA:142,0
DA:157,0
DA:172,0
LF:25
LH:0
BRDA:61,0,0,0
BRDA:61,0,1,0
BRDA:82,1,0,0
BRDA:82,1,1,0
BRDA:84,2,0,0
BRDA:84,2,1,0
BRDA:84,2,2,0
BRDA:84,2,3,0
BRDA:95,3,0,0
BRDA:95,3,1,0
BRDA:133,4,0,0
BRDA:133,4,1,0
BRDA:149,5,0,0
BRDA:149,5,1,0
BRDA:164,6,0,0
BRDA:164,6,1,0
BRDA:179,7,0,0
BRDA:179,7,1,0
BRDA:184,8,0,0
BRDA:184,8,1,0
BRDA:184,8,2,0
BRDA:184,8,3,0
BRDA:184,8,4,0
BRDA:189,9,0,0
BRDA:189,9,1,0
BRDA:189,9,2,0
BRDA:189,9,3,0
BRDA:197,10,0,0
BRDA:197,10,1,0
BRDA:200,11,0,0
BRDA:200,11,1,0
BRF:31
BRH:0
end_of_record
TN:
SF:src\screens\SignUp\style.ts
FNF:0
FNH:0
DA:4,0
LF:1
LH:0
BRF:0
BRH:0
end_of_record
TN:
SF:src\screens\Splash\Splash.tsx
FN:12,Splash
FNF:1
FNH:0
FNDA:0,Splash
DA:13,0
LF:1
LH:0
BRF:0
BRH:0
end_of_record
TN:
SF:src\screens\Splash\style.tsx
FNF:0
FNH:0
DA:4,0
DA:6,0
DA:7,0
LF:3
LH:0
BRF:0
BRH:0
end_of_record
TN:
SF:src\screens\SuccessContinue\SuccessContinue.tsx
FN:18,SuccessContinue
FN:36,(anonymous_1)
FNF:2
FNH:0
FNDA:0,SuccessContinue
FNDA:0,(anonymous_1)
DA:22,0
DA:24,0
DA:37,0
LF:3
LH:0
BRF:0
BRH:0
end_of_record
TN:
SF:src\screens\SuccessContinue\style.ts
FNF:0
FNH:0
DA:4,0
DA:6,0
DA:7,0
LF:3
LH:0
BRDA:6,0,0,0
BRDA:6,0,1,0
BRF:2
BRH:0
end_of_record
TN:
SF:src\screens\SuccessEnd\SuccessEnd.tsx
FN:19,SuccessEnd
FN:41,(anonymous_1)
FNF:2
FNH:0
FNDA:0,SuccessEnd
FNDA:0,(anonymous_1)
DA:23,0
DA:25,0
DA:42,0
LF:3
LH:0
BRDA:27,0,0,0
BRDA:27,0,1,0
BRDA:30,1,0,0
BRDA:30,1,1,0
BRDA:33,2,0,0
BRDA:33,2,1,0
BRF:6
BRH:0
end_of_record
TN:
SF:src\screens\SuccessEnd\style.ts
FNF:0
FNH:0
DA:3,0
DA:6,0
DA:7,0
LF:3
LH:0
BRDA:6,0,0,0
BRDA:6,0,1,0
BRF:2
BRH:0
end_of_record
TN:
SF:src\styles\globalStyles.ts
FNF:0
FNH:0
DA:1,12
DA:17,12
DA:24,12
LF:3
LH:3
BRF:0
BRH:0
end_of_record
TN:
SF:src\util\apiPostalCode.ts
FN:10,getPostalCode
FNF:1
FNH:0
FNDA:0,getPostalCode
DA:11,0
DA:12,0
DA:13,0
DA:14,0
DA:21,0
DA:22,0
DA:24,0
DA:26,0
LF:8
LH:0
BRDA:21,0,0,0
BRDA:21,0,1,0
BRF:2
BRH:0
end_of_record
TN:
SF:src\util\apiRequests.ts
FN:3,fetchProductsByCategoryId
FN:9,fetchCategories
FN:19,fetchProductsFilteredByTitle
FN:25,fetchProductById
FN:31,fetchLimitedAmountOfProductsFilteredByCategory
FNF:5
FNH:0
FNDA:0,fetchProductsByCategoryId
FNDA:0,fetchCategories
FNDA:0,fetchProductsFilteredByTitle
FNDA:0,fetchProductById
FNDA:0,fetchLimitedAmountOfProductsFilteredByCategory
DA:4,0
DA:5,0
DA:6,0
DA:10,0
DA:11,0
DA:12,0
DA:13,0
DA:15,0
DA:20,0
DA:21,0
DA:22,0
DA:26,0
DA:27,0
DA:28,0
DA:35,0
DA:36,0
DA:37,0
LF:17
LH:0
BRDA:12,0,0,0
BRDA:12,0,1,0
BRF:2
BRH:0
end_of_record
TN:
SF:src\util\apiUsers.ts
FN:12,signUp
FN:26,signIn
FN:35,(anonymous_2)
FN:65,checkEmail
FN:85,changePassword
FN:97,(anonymous_5)
FN:112,getSingleUser
FNF:7
FNH:1
FNDA:0,signUp
FNDA:0,signIn
FNDA:0,(anonymous_2)
FNDA:0,checkEmail
FNDA:0,changePassword
FNDA:0,(anonymous_5)
FNDA:1,getSingleUser
DA:13,0
DA:14,0
DA:15,0
DA:22,0
DA:27,0
DA:29,0
DA:30,0
DA:32,0
DA:33,0
DA:35,0
DA:36,0
DA:39,0
DA:40,0
DA:41,0
DA:42,0
DA:46,0
DA:47,0
DA:48,0
DA:52,0
DA:56,0
DA:66,0
DA:68,0
DA:69,0
DA:73,0
DA:75,0
DA:76,0
DA:77,0
DA:81,0
DA:86,0
DA:88,0
DA:89,0
DA:92,0
DA:94,0
DA:95,0
DA:97,0
DA:98,0
DA:101,0
DA:102,0
DA:104,0
DA:105,0
DA:113,1
DA:114,1
DA:115,1
DA:117,0
DA:118,0
DA:124,0
LF:46
LH:3
BRDA:32,0,0,0
BRDA:32,0,1,0
BRDA:36,1,0,0
BRDA:36,1,1,0
BRDA:39,2,0,0
BRDA:39,2,1,0
BRDA:47,3,0,0
BRDA:47,3,1,0
BRDA:75,4,0,0
BRDA:75,4,1,0
BRDA:94,5,0,0
BRDA:94,5,1,0
BRDA:101,6,0,0
BRDA:101,6,1,0
BRDA:117,7,0,0
BRDA:117,7,1,0
BRF:16
BRH:0
end_of_record
